Using pre-set license
Built from '2020.3/staging' branch; Version is '2020.3.23f1 (c5d91304a876) revision 12966163'; Using compiler version '192528614'; Build Type 'Release'
OS: 'Windows 10 Pro; OS build 19043.1348; Version 2009; 64bit' Language: 'ru' Physical Memory: 16332 MB
BatchMode: 1, IsHumanControllingUs: 0, StartBugReporterOnCrash: 0, Is64bit: 1, IsPro: 0

COMMAND LINE ARGUMENTS:
E:\Unity\2020.3.23f1\Editor\Unity.exe
-adb2
-batchMode
-noUpm
-name
AssetImportWorker3
-projectPath
D:/Git/SupaDupaMan
-logFile
Logs/AssetImportWorker3.log
-srvPort
59348
Successfully changed project path to: D:/Git/SupaDupaMan
D:/Git/SupaDupaMan
Using Asset Import Pipeline V2.
Refreshing native plugins compatible for Editor in 171.94 ms, found 3 plugins.
Preloading 0 native plugins for Editor in 0.00 ms.
Initialize engine version: 2020.3.23f1 (c5d91304a876)
[Subsystems] Discovering subsystems at path E:/Unity/2020.3.23f1/Editor/Data/Resources/UnitySubsystems
[Subsystems] Discovering subsystems at path D:/Git/SupaDupaMan/Assets
GfxDevice: creating device client; threaded=0
Direct3D:
    Version:  Direct3D 11.0 [level 11.1]
    Renderer: Radeon RX 570 Series (ID=0x67df)
    Vendor:   
    VRAM:     8171 MB
    Driver:   27.20.12029.1000
Initialize mono
Mono path[0] = 'E:/Unity/2020.3.23f1/Editor/Data/Managed'
Mono path[1] = 'E:/Unity/2020.3.23f1/Editor/Data/MonoBleedingEdge/lib/mono/unityjit'
Mono config path = 'E:/Unity/2020.3.23f1/Editor/Data/MonoBleedingEdge/etc'
Using monoOptions --debugger-agent=transport=dt_socket,embedding=1,server=y,suspend=n,address=127.0.0.1:56580
Begin MonoManager ReloadAssembly
Registering precompiled unity dll's ...
Register platform support module: E:/Unity/2020.3.23f1/Editor/Data/PlaybackEngines/WindowsStandaloneSupport/UnityEditor.WindowsStandalone.Extensions.dll
Registered in 0.003137 seconds.
Native extension for WindowsStandalone target not found
Refreshing native plugins compatible for Editor in 173.54 ms, found 3 plugins.
Preloading 0 native plugins for Editor in 0.00 ms.
Mono: successfully reloaded assembly
- Completed reload, in  0.821 seconds
Domain Reload Profiling:
	ReloadAssembly (822ms)
		BeginReloadAssembly (66ms)
			ExecutionOrderSort (0ms)
			DisableScriptedObjects (0ms)
			BackupInstance (0ms)
			ReleaseScriptingObjects (0ms)
			CreateAndSetChildDomain (1ms)
		EndReloadAssembly (664ms)
			LoadAssemblies (62ms)
			RebuildTransferFunctionScriptingTraits (0ms)
			SetupTypeCache (174ms)
			ReleaseScriptCaches (0ms)
			RebuildScriptCaches (33ms)
			SetupLoadedEditorAssemblies (327ms)
				LogAssemblyErrors (0ms)
				InitializePlatformSupportModulesInManaged (5ms)
				SetLoadedEditorAssemblies (0ms)
				RefreshPlugins (174ms)
				BeforeProcessingInitializeOnLoad (19ms)
				ProcessInitializeOnLoadAttributes (96ms)
				ProcessInitializeOnLoadMethodAttributes (33ms)
				AfterProcessingInitializeOnLoad (0ms)
				EditorAssembliesLoaded (0ms)
			ExecutionOrderSort2 (0ms)
			AwakeInstancesAfterBackupRestoration (0ms)
Platform modules already initialized, skipping
Registering precompiled user dll's ...
Registered in 0.011761 seconds.
Begin MonoManager ReloadAssembly
Symbol file LoadedFromMemory doesn't match image D:\Git\SupaDupaMan\Library\PackageCache\com.unity.visualscripting@1.6.1\Editor\VisualScripting.Core\Dependencies\YamlDotNet\Unity.VisualScripting.YamlDotNet.dll
Symbol file LoadedFromMemory doesn't match image D:\Git\SupaDupaMan\Library\PackageCache\com.unity.visualscripting@1.6.1\Editor\VisualScripting.Core\Dependencies\DotNetZip\Unity.VisualScripting.IonicZip.dll
Native extension for WindowsStandalone target not found
Refreshing native plugins compatible for Editor in 193.45 ms, found 3 plugins.
Preloading 0 native plugins for Editor in 0.00 ms.
Mono: successfully reloaded assembly
- Completed reload, in  6.701 seconds
Domain Reload Profiling:
	ReloadAssembly (6750ms)
		BeginReloadAssembly (175ms)
			ExecutionOrderSort (0ms)
			DisableScriptedObjects (7ms)
			BackupInstance (0ms)
			ReleaseScriptingObjects (0ms)
			CreateAndSetChildDomain (22ms)
		EndReloadAssembly (5148ms)
			LoadAssemblies (3584ms)
			RebuildTransferFunctionScriptingTraits (0ms)
			SetupTypeCache (527ms)
			ReleaseScriptCaches (1ms)
			RebuildScriptCaches (76ms)
			SetupLoadedEditorAssemblies (756ms)
				LogAssemblyErrors (0ms)
				InitializePlatformSupportModulesInManaged (4ms)
				SetLoadedEditorAssemblies (0ms)
				RefreshPlugins (194ms)
				BeforeProcessingInitializeOnLoad (148ms)
				ProcessInitializeOnLoadAttributes (342ms)
				ProcessInitializeOnLoadMethodAttributes (57ms)
				AfterProcessingInitializeOnLoad (11ms)
				EditorAssembliesLoaded (0ms)
			ExecutionOrderSort2 (0ms)
			AwakeInstancesAfterBackupRestoration (8ms)
Platform modules already initialized, skipping
========================================================================
Worker process is ready to serve import requests
Launched and connected shader compiler UnityShaderCompiler.exe after 0.10 seconds
Refreshing native plugins compatible for Editor in 1.45 ms, found 3 plugins.
Preloading 0 native plugins for Editor in 0.00 ms.
Unloading 4720 Unused Serialized files (Serialized files now loaded: 0)
System memory in use before: 185.8 MB.
System memory in use after: 185.9 MB.

Unloading 29 unused Assets to reduce memory usage. Loaded Objects now: 5186.
Total: 4.494300 ms (FindLiveObjects: 0.424900 ms CreateObjectMapping: 0.119500 ms MarkObjects: 3.789800 ms  DeleteObjects: 0.158700 ms)

AssetImportParameters requested are different than current active one (requested -> active):
  custom:framework-win-MediaFoundation: 216162199b28c13a410421893ffa2e32 -> 
  custom:video-decoder-ogg-theora: a1e56fd34408186e4bbccfd4996cb3dc -> 
  custom:container-muxer-webm: aa71ff27fc2769a1b78a27578f13a17b -> 
  custom:container-demuxer-webm: 4f35f7cbe854078d1ac9338744f61a02 -> 
  custom:container-demuxer-ogg: 62fdf1f143b41e24485cea50d1cbac27 -> 
  custom:video-encoder-webm-vp8: eb34c28f22e8b96e1ab97ce403110664 -> 
  custom:video-decoder-webm-vp8: 9c59270c3fd7afecdb556c50c9e8de78 -> 
  custom:audio-decoder-ogg-vorbis: bf7c407c2cedff20999df2af8eb42d56 -> 
  custom:audio-encoder-webm-vorbis: bf7c407c2cedff20999df2af8eb42d56 -> 
========================================================================
Received Import Request.
  path: Assets/Prefabs/Environment/Walls/WallSclicebleType2 1.prefab
  artifactKey: Guid(8d3320aeda51df74e8eadaa54b659fcc) Importer(815301076,1909f56bfc062723c751e8b465ee728b)
Start importing Assets/Prefabs/Environment/Walls/WallSclicebleType2 1.prefab using Guid(8d3320aeda51df74e8eadaa54b659fcc) Importer(815301076,1909f56bfc062723c751e8b465ee728b)  -> (artifact id: '98f68687834cd2cbe9b9f9c673971214') in 0.351380 seconds 
  Import took 0.373531 seconds .

========================================================================
Received Import Request.
  Time since last request: 37.192779 seconds.
  path: Assets/Prefabs/Environment/Road/RoadVertical.prefab
  artifactKey: Guid(5bd7b435f517d8643a9b17bdab1436f7) Importer(815301076,1909f56bfc062723c751e8b465ee728b)
Start importing Assets/Prefabs/Environment/Road/RoadVertical.prefab using Guid(5bd7b435f517d8643a9b17bdab1436f7) Importer(815301076,1909f56bfc062723c751e8b465ee728b)  -> (artifact id: 'd89ab9c6c66bbce34673f03e9c7d4e11') in 0.035787 seconds 
  Import took 0.043802 seconds .

========================================================================
Received Import Request.
  Time since last request: 158.673635 seconds.
  path: Assets/Prefabs/Environment/Road/RoadHorizontal.prefab
  artifactKey: Guid(613b8bcc9e181c54d81827dbb68ab33e) Importer(815301076,1909f56bfc062723c751e8b465ee728b)
Start importing Assets/Prefabs/Environment/Road/RoadHorizontal.prefab using Guid(613b8bcc9e181c54d81827dbb68ab33e) Importer(815301076,1909f56bfc062723c751e8b465ee728b)  -> (artifact id: 'e09586996be1d22567d87034fac4d63f') in 0.026696 seconds 
  Import took 0.034601 seconds .

========================================================================
Received Import Request.
  Time since last request: 65.799531 seconds.
  path: Assets/CartoonLowPolyCityLite/Prefabs/BG.prefab
  artifactKey: Guid(eda928f79ba6b9549ae9bb8ed004f92a) Importer(815301076,1909f56bfc062723c751e8b465ee728b)
Start importing Assets/CartoonLowPolyCityLite/Prefabs/BG.prefab using Guid(eda928f79ba6b9549ae9bb8ed004f92a) Importer(815301076,1909f56bfc062723c751e8b465ee728b)  -> (artifact id: '2c4b708d86d95bca034b1bf6f5434363') in 0.102527 seconds 
  Import took 0.130202 seconds .

========================================================================
Received Import Request.
  Time since last request: 0.000280 seconds.
  path: Assets/CartoonLowPolyCityLite/Prefabs/Car_03.prefab
  artifactKey: Guid(52e3f6297379ffa48954392c6d79ef4e) Importer(815301076,1909f56bfc062723c751e8b465ee728b)
Start importing Assets/CartoonLowPolyCityLite/Prefabs/Car_03.prefab using Guid(52e3f6297379ffa48954392c6d79ef4e) Importer(815301076,1909f56bfc062723c751e8b465ee728b)  -> (artifact id: '0bc391b4b37fff2db1c8e20363657a7b') in 0.081020 seconds 
  Import took 0.117545 seconds .

========================================================================
Received Import Request.
  Time since last request: 0.000311 seconds.
  path: Assets/CartoonLowPolyCityLite/Prefabs/Road_02.prefab
  artifactKey: Guid(0fe65fec31a96cc49a3146a03f035c48) Importer(815301076,1909f56bfc062723c751e8b465ee728b)
Start importing Assets/CartoonLowPolyCityLite/Prefabs/Road_02.prefab using Guid(0fe65fec31a96cc49a3146a03f035c48) Importer(815301076,1909f56bfc062723c751e8b465ee728b)  -> (artifact id: '579484344c75984aafa5fe3b2a2ab50d') in 0.030125 seconds 
  Import took 0.044490 seconds .

========================================================================
Received Import Request.
  Time since last request: 0.000272 seconds.
  path: Assets/CartoonLowPolyCityLite/Prefabs/Road_Cross.prefab
  artifactKey: Guid(332ef6a447c3b94489f35ad845e8b7ad) Importer(815301076,1909f56bfc062723c751e8b465ee728b)
Start importing Assets/CartoonLowPolyCityLite/Prefabs/Road_Cross.prefab using Guid(332ef6a447c3b94489f35ad845e8b7ad) Importer(815301076,1909f56bfc062723c751e8b465ee728b)  -> (artifact id: '06c5b90a4f034bd6f56c6df76bc6c412') in 0.028387 seconds 
  Import took 0.035307 seconds .

========================================================================
Received Import Request.
  Time since last request: 0.000321 seconds.
  path: Assets/CartoonLowPolyCityLite/Prefabs/Light_01.prefab
  artifactKey: Guid(cf29fabe5be425d4fa58702a405410ec) Importer(815301076,1909f56bfc062723c751e8b465ee728b)
Start importing Assets/CartoonLowPolyCityLite/Prefabs/Light_01.prefab using Guid(cf29fabe5be425d4fa58702a405410ec) Importer(815301076,1909f56bfc062723c751e8b465ee728b)  -> (artifact id: 'd8bc3806bfa5307937e4dff5506c53de') in 0.027583 seconds 
  Import took 0.035000 seconds .

========================================================================
Received Import Request.
  Time since last request: 0.000278 seconds.
  path: Assets/CartoonLowPolyCityLite/Prefabs/House_16.prefab
  artifactKey: Guid(dab3d93fd2764dc45988adf7d412c1b3) Importer(815301076,1909f56bfc062723c751e8b465ee728b)
Start importing Assets/CartoonLowPolyCityLite/Prefabs/House_16.prefab using Guid(dab3d93fd2764dc45988adf7d412c1b3) Importer(815301076,1909f56bfc062723c751e8b465ee728b)  -> (artifact id: '63f7f93368aaf558d4778fb1911e9f39') in 0.028637 seconds 
  Import took 0.048628 seconds .

========================================================================
Received Import Request.
  Time since last request: 0.000307 seconds.
  path: Assets/CartoonLowPolyCityLite/Prefabs/Trash_01.prefab
  artifactKey: Guid(c1e1f398cab58394cb2187fef2ffc46d) Importer(815301076,1909f56bfc062723c751e8b465ee728b)
Start importing Assets/CartoonLowPolyCityLite/Prefabs/Trash_01.prefab using Guid(c1e1f398cab58394cb2187fef2ffc46d) Importer(815301076,1909f56bfc062723c751e8b465ee728b)  -> (artifact id: '49c3438b387fd14cff561ac6cb55edfa') in 0.057156 seconds 
  Import took 0.073129 seconds .

========================================================================
Received Import Request.
  Time since last request: 0.000297 seconds.
  path: Assets/CartoonLowPolyCityLite/Prefabs/House_01.prefab
  artifactKey: Guid(2557362e4e8bcfe4486030fd8a78182a) Importer(815301076,1909f56bfc062723c751e8b465ee728b)
Start importing Assets/CartoonLowPolyCityLite/Prefabs/House_01.prefab using Guid(2557362e4e8bcfe4486030fd8a78182a) Importer(815301076,1909f56bfc062723c751e8b465ee728b)  -> (artifact id: '7ec9b3c9e10538cf688ab8a491fa6b71') in 0.029463 seconds 
  Import took 0.048203 seconds .

========================================================================
Received Import Request.
  Time since last request: 60.860082 seconds.
  path: Assets/Materials/02.2-BlueprintGrid-Mug-14 1.mat
  artifactKey: Guid(74fc086b47274bc43b5e2e7aef779b91) Importer(815301076,1909f56bfc062723c751e8b465ee728b)
Start importing Assets/Materials/02.2-BlueprintGrid-Mug-14 1.mat using Guid(74fc086b47274bc43b5e2e7aef779b91) Importer(815301076,1909f56bfc062723c751e8b465ee728b)  -> (artifact id: '48041d311d96f84a54c931b56640bdd2') in 0.091213 seconds 
  Import took 0.098541 seconds .

========================================================================
Received Import Request.
  Time since last request: 0.000303 seconds.
  path: Assets/Materials/Wall_02.mat
  artifactKey: Guid(32c81465594232542b99d5005395985a) Importer(815301076,1909f56bfc062723c751e8b465ee728b)
Start importing Assets/Materials/Wall_02.mat using Guid(32c81465594232542b99d5005395985a) Importer(815301076,1909f56bfc062723c751e8b465ee728b)  -> (artifact id: '95f855c2f464a113d6be2db9cb6efbd7') in 0.012229 seconds 
  Import took 0.028941 seconds .

========================================================================
Received Import Request.
  Time since last request: 0.000296 seconds.
  path: Assets/Materials/CartoonLowPolyCityLite_01.mat
  artifactKey: Guid(c8e0240e9684da34f8e797593fcd659e) Importer(815301076,1909f56bfc062723c751e8b465ee728b)
Start importing Assets/Materials/CartoonLowPolyCityLite_01.mat using Guid(c8e0240e9684da34f8e797593fcd659e) Importer(815301076,1909f56bfc062723c751e8b465ee728b)  -> (artifact id: '03b11bf6e8d16021de6aaa561242e031') in 0.027257 seconds 
  Import took 0.035066 seconds .

========================================================================
Received Import Request.
  Time since last request: 0.000301 seconds.
  path: Assets/Materials/Wall_01.mat
  artifactKey: Guid(539da6d281cefae4c9a85b07006f44b6) Importer(815301076,1909f56bfc062723c751e8b465ee728b)
Start importing Assets/Materials/Wall_01.mat using Guid(539da6d281cefae4c9a85b07006f44b6) Importer(815301076,1909f56bfc062723c751e8b465ee728b)  -> (artifact id: '36a6a65ba4d9cee5bad6bf5cdb04031c') in 0.015785 seconds 
  Import took 0.023022 seconds .

========================================================================
Received Import Request.
  Time since last request: 73.314535 seconds.
  path: Assets/Settings/ExampleSettings/[FlatKit] Example Forward Renderer.asset
  artifactKey: Guid(4cbdadf2d11484d7aab34b901b5d9c52) Importer(815301076,1909f56bfc062723c751e8b465ee728b)
Start importing Assets/Settings/ExampleSettings/[FlatKit] Example Forward Renderer.asset using Guid(4cbdadf2d11484d7aab34b901b5d9c52) Importer(815301076,1909f56bfc062723c751e8b465ee728b)  -> (artifact id: 'f2de811a75c566ca29051c1330646811') in 0.009768 seconds 
  Import took 0.040040 seconds .

========================================================================
Received Import Request.
  Time since last request: 0.000264 seconds.
  path: Assets/Settings/ExampleSettings/OutlineSettingsExample.asset
  artifactKey: Guid(ff3dfd77429d64938a26bd54c27dacd8) Importer(815301076,1909f56bfc062723c751e8b465ee728b)
Start importing Assets/Settings/ExampleSettings/OutlineSettingsExample.asset using Guid(ff3dfd77429d64938a26bd54c27dacd8) Importer(815301076,1909f56bfc062723c751e8b465ee728b)  -> (artifact id: '21008b14430db4f6eda8522fb2dfed9e') in 0.004265 seconds 
  Import took 0.014944 seconds .

========================================================================
Received Import Request.
  Time since last request: 0.000330 seconds.
  path: Assets/Settings/ExampleSettings/FogSettingsExample.asset
  artifactKey: Guid(f68defe9b6889484787a8d20c715e802) Importer(815301076,1909f56bfc062723c751e8b465ee728b)
Start importing Assets/Settings/ExampleSettings/FogSettingsExample.asset using Guid(f68defe9b6889484787a8d20c715e802) Importer(815301076,1909f56bfc062723c751e8b465ee728b)  -> (artifact id: '4e6bef4cb9b70ee8aeb7064efda8f860') in 0.004627 seconds 
  Import took 0.011565 seconds .

========================================================================
Received Import Request.
  Time since last request: 0.000327 seconds.
  path: Assets/Settings/ExampleSettings/[FlatKit] Example Settings URP.asset
  artifactKey: Guid(ecbd363870e07455ea237f5753668d30) Importer(815301076,1909f56bfc062723c751e8b465ee728b)
Start importing Assets/Settings/ExampleSettings/[FlatKit] Example Settings URP.asset using Guid(ecbd363870e07455ea237f5753668d30) Importer(815301076,1909f56bfc062723c751e8b465ee728b)  -> (artifact id: '6c59d2ac165b02d7f47ae6085bcaf220') in 0.008377 seconds 
  Import took 0.015961 seconds .

========================================================================
Received Import Request.
  Time since last request: 16.618375 seconds.
  path: Assets/Scripts/Slicer.cs
  artifactKey: Guid(29fe46b2049bc124c918d7a121b0fa64) Importer(815301076,1909f56bfc062723c751e8b465ee728b)
Start importing Assets/Scripts/Slicer.cs using Guid(29fe46b2049bc124c918d7a121b0fa64) Importer(815301076,1909f56bfc062723c751e8b465ee728b)  -> (artifact id: '1bf74b928294d58dca7acbb0f27cad8e') in 0.017243 seconds 
  Import took 0.024639 seconds .

========================================================================
Received Import Request.
  Time since last request: 7.198681 seconds.
  path: Assets/Scripts/SlicesMetadata.cs
  artifactKey: Guid(1117d6c61962d834188d387c59330427) Importer(815301076,1909f56bfc062723c751e8b465ee728b)
Start importing Assets/Scripts/SlicesMetadata.cs using Guid(1117d6c61962d834188d387c59330427) Importer(815301076,1909f56bfc062723c751e8b465ee728b)  -> (artifact id: '2fc606ff1076da61e1e107595e9b95a7') in 0.003896 seconds 
  Import took 0.010599 seconds .

========================================================================
Received Import Request.
  Time since last request: 58.152179 seconds.
  path: Assets/Scripts/Slicer/Type1/WallSlicer.cs
  artifactKey: Guid(2e4ad8d2e7ca7174fb3d9e9ba79b3efd) Importer(815301076,1909f56bfc062723c751e8b465ee728b)
Start importing Assets/Scripts/Slicer/Type1/WallSlicer.cs using Guid(2e4ad8d2e7ca7174fb3d9e9ba79b3efd) Importer(815301076,1909f56bfc062723c751e8b465ee728b)  -> (artifact id: '87b7e93e851d8b51f7a57e22965c4f43') in 0.003799 seconds 
  Import took 0.011322 seconds .

========================================================================
Received Import Request.
  Time since last request: 18.567578 seconds.
  path: Assets/Scripts/Weapon/LasersActivator.cs
  artifactKey: Guid(7d5ab1ff74487804b9d95af466184365) Importer(815301076,1909f56bfc062723c751e8b465ee728b)
Start importing Assets/Scripts/Weapon/LasersActivator.cs using Guid(7d5ab1ff74487804b9d95af466184365) Importer(815301076,1909f56bfc062723c751e8b465ee728b)  -> (artifact id: 'dfe020f7351a675c43aaf0efb707dbe3') in 0.004003 seconds 
  Import took 0.010734 seconds .

========================================================================
Received Import Request.
  Time since last request: 24.411366 seconds.
  path: Assets/Scripts/Weapon/LasersActivator.cs
  artifactKey: Guid(7d5ab1ff74487804b9d95af466184365) Importer(815301076,1909f56bfc062723c751e8b465ee728b)
Start importing Assets/Scripts/Weapon/LasersActivator.cs using Guid(7d5ab1ff74487804b9d95af466184365) Importer(815301076,1909f56bfc062723c751e8b465ee728b)  -> (artifact id: '4b1548538aa30a9163811348e21640ba') in 0.008218 seconds 
  Import took 0.021440 seconds .

========================================================================
Received Prepare
Registering precompiled user dll's ...
Registered in 0.010846 seconds.
Begin MonoManager ReloadAssembly
Symbol file LoadedFromMemory doesn't match image D:\Git\SupaDupaMan\Library\PackageCache\com.unity.visualscripting@1.6.1\Editor\VisualScripting.Core\Dependencies\YamlDotNet\Unity.VisualScripting.YamlDotNet.dll
Symbol file LoadedFromMemory doesn't match image D:\Git\SupaDupaMan\Library\PackageCache\com.unity.visualscripting@1.6.1\Editor\VisualScripting.Core\Dependencies\DotNetZip\Unity.VisualScripting.IonicZip.dll
Native extension for WindowsStandalone target not found
Refreshing native plugins compatible for Editor in 1.76 ms, found 3 plugins.
Preloading 0 native plugins for Editor in 0.00 ms.
Mono: successfully reloaded assembly
- Completed reload, in  1.536 seconds
Domain Reload Profiling:
	ReloadAssembly (1536ms)
		BeginReloadAssembly (168ms)
			ExecutionOrderSort (0ms)
			DisableScriptedObjects (9ms)
			BackupInstance (0ms)
			ReleaseScriptingObjects (0ms)
			CreateAndSetChildDomain (46ms)
		EndReloadAssembly (1285ms)
			LoadAssemblies (112ms)
			RebuildTransferFunctionScriptingTraits (0ms)
			SetupTypeCache (448ms)
			ReleaseScriptCaches (2ms)
			RebuildScriptCaches (54ms)
			SetupLoadedEditorAssemblies (404ms)
				LogAssemblyErrors (0ms)
				InitializePlatformSupportModulesInManaged (5ms)
				SetLoadedEditorAssemblies (1ms)
				RefreshPlugins (2ms)
				BeforeProcessingInitializeOnLoad (124ms)
				ProcessInitializeOnLoadAttributes (250ms)
				ProcessInitializeOnLoadMethodAttributes (11ms)
				AfterProcessingInitializeOnLoad (11ms)
				EditorAssembliesLoaded (0ms)
			ExecutionOrderSort2 (0ms)
			AwakeInstancesAfterBackupRestoration (82ms)
Platform modules already initialized, skipping
Switching build target platform(19) subTarget(0) extendedPlatform(0) -> platform(13) subTarget(537460736) extendedPlatform(0)
Refreshing native plugins compatible for Editor in 1.74 ms, found 3 plugins.
Preloading 0 native plugins for Editor in 0.00 ms.
Unloading 4547 Unused Serialized files (Serialized files now loaded: 0)
System memory in use before: 179.3 MB.
System memory in use after: 179.5 MB.

Unloading 38 unused Assets to reduce memory usage. Loaded Objects now: 5285.
Total: 5.022300 ms (FindLiveObjects: 0.585200 ms CreateObjectMapping: 0.137500 ms MarkObjects: 3.887900 ms  DeleteObjects: 0.410100 ms)

AssetImportParameters requested are different than current active one (requested -> active):
  custom:framework-win-MediaFoundation: 216162199b28c13a410421893ffa2e32 -> 
  custom:video-decoder-ogg-theora: a1e56fd34408186e4bbccfd4996cb3dc -> 
  custom:container-muxer-webm: aa71ff27fc2769a1b78a27578f13a17b -> 
  custom:container-demuxer-webm: 4f35f7cbe854078d1ac9338744f61a02 -> 
  custom:container-demuxer-ogg: 62fdf1f143b41e24485cea50d1cbac27 -> 
  custom:video-encoder-webm-vp8: eb34c28f22e8b96e1ab97ce403110664 -> 
  custom:video-decoder-webm-vp8: 9c59270c3fd7afecdb556c50c9e8de78 -> 
  custom:graphics/normal-map-encoding: 01000000000000000000000000000000 -> 02000000000000000000000000000000
  custom:audio-decoder-ogg-vorbis: bf7c407c2cedff20999df2af8eb42d56 -> 
  custom:audio-encoder-webm-vorbis: bf7c407c2cedff20999df2af8eb42d56 -> 
========================================================================
Received Import Request.
  Time since last request: 160.166230 seconds.
  path: Assets/Scripts/Slicer/Type1/SlicerType1.cs
  artifactKey: Guid(6c68c433605b5bc4d9de280a5d329ce9) Importer(815301076,1909f56bfc062723c751e8b465ee728b)
Start importing Assets/Scripts/Slicer/Type1/SlicerType1.cs using Guid(6c68c433605b5bc4d9de280a5d329ce9) Importer(815301076,1909f56bfc062723c751e8b465ee728b)  -> (artifact id: 'e9a37521309f6c4adad52f60720b6a08') in 0.010860 seconds 
  Import took 0.018451 seconds .

========================================================================
Received Import Request.
  Time since last request: 9.284309 seconds.
  path: Assets/Scripts/Slicer/Type1/Slicer.cs
  artifactKey: Guid(6c68c433605b5bc4d9de280a5d329ce9) Importer(815301076,1909f56bfc062723c751e8b465ee728b)
Start importing Assets/Scripts/Slicer/Type1/Slicer.cs using Guid(6c68c433605b5bc4d9de280a5d329ce9) Importer(815301076,1909f56bfc062723c751e8b465ee728b)  -> (artifact id: 'e700e8c7fbe32b44a3a38fd011af396a') in 0.010963 seconds 
  Import took 0.042105 seconds .

========================================================================
Received Prepare
Registering precompiled user dll's ...
Registered in 0.010158 seconds.
Begin MonoManager ReloadAssembly
Symbol file LoadedFromMemory doesn't match image D:\Git\SupaDupaMan\Library\PackageCache\com.unity.visualscripting@1.6.1\Editor\VisualScripting.Core\Dependencies\YamlDotNet\Unity.VisualScripting.YamlDotNet.dll
Symbol file LoadedFromMemory doesn't match image D:\Git\SupaDupaMan\Library\PackageCache\com.unity.visualscripting@1.6.1\Editor\VisualScripting.Core\Dependencies\DotNetZip\Unity.VisualScripting.IonicZip.dll
Native extension for WindowsStandalone target not found
Refreshing native plugins compatible for Editor in 1.31 ms, found 3 plugins.
Preloading 0 native plugins for Editor in 0.00 ms.
Mono: successfully reloaded assembly
- Completed reload, in  1.636 seconds
Domain Reload Profiling:
	ReloadAssembly (1636ms)
		BeginReloadAssembly (144ms)
			ExecutionOrderSort (0ms)
			DisableScriptedObjects (5ms)
			BackupInstance (0ms)
			ReleaseScriptingObjects (0ms)
			CreateAndSetChildDomain (42ms)
		EndReloadAssembly (1406ms)
			LoadAssemblies (127ms)
			RebuildTransferFunctionScriptingTraits (0ms)
			SetupTypeCache (486ms)
			ReleaseScriptCaches (2ms)
			RebuildScriptCaches (61ms)
			SetupLoadedEditorAssemblies (451ms)
				LogAssemblyErrors (0ms)
				InitializePlatformSupportModulesInManaged (4ms)
				SetLoadedEditorAssemblies (1ms)
				RefreshPlugins (1ms)
				BeforeProcessingInitializeOnLoad (139ms)
				ProcessInitializeOnLoadAttributes (278ms)
				ProcessInitializeOnLoadMethodAttributes (13ms)
				AfterProcessingInitializeOnLoad (14ms)
				EditorAssembliesLoaded (0ms)
			ExecutionOrderSort2 (0ms)
			AwakeInstancesAfterBackupRestoration (87ms)
Platform modules already initialized, skipping
Switching build target platform(19) subTarget(0) extendedPlatform(0) -> platform(13) subTarget(537460736) extendedPlatform(0)
Refreshing native plugins compatible for Editor in 1.30 ms, found 3 plugins.
Preloading 0 native plugins for Editor in 0.00 ms.
Unloading 4543 Unused Serialized files (Serialized files now loaded: 0)
System memory in use before: 179.3 MB.
System memory in use after: 179.5 MB.

Unloading 24 unused Assets to reduce memory usage. Loaded Objects now: 5291.
Total: 4.689200 ms (FindLiveObjects: 0.425900 ms CreateObjectMapping: 0.176700 ms MarkObjects: 3.885200 ms  DeleteObjects: 0.199500 ms)

AssetImportParameters requested are different than current active one (requested -> active):
  custom:framework-win-MediaFoundation: 216162199b28c13a410421893ffa2e32 -> 
  custom:video-decoder-ogg-theora: a1e56fd34408186e4bbccfd4996cb3dc -> 
  custom:container-muxer-webm: aa71ff27fc2769a1b78a27578f13a17b -> 
  custom:container-demuxer-webm: 4f35f7cbe854078d1ac9338744f61a02 -> 
  custom:container-demuxer-ogg: 62fdf1f143b41e24485cea50d1cbac27 -> 
  custom:video-encoder-webm-vp8: eb34c28f22e8b96e1ab97ce403110664 -> 
  custom:video-decoder-webm-vp8: 9c59270c3fd7afecdb556c50c9e8de78 -> 
  custom:graphics/normal-map-encoding: 01000000000000000000000000000000 -> 02000000000000000000000000000000
  custom:audio-decoder-ogg-vorbis: bf7c407c2cedff20999df2af8eb42d56 -> 
  custom:audio-encoder-webm-vorbis: bf7c407c2cedff20999df2af8eb42d56 -> 
========================================================================
Received Import Request.
  Time since last request: 59.830855 seconds.
  path: Assets/Scripts/Slicer/Type1/WallSlicer2.cs
  artifactKey: Guid(111579d5c9204a9409ddd0819512fe81) Importer(815301076,1909f56bfc062723c751e8b465ee728b)
Start importing Assets/Scripts/Slicer/Type1/WallSlicer2.cs using Guid(111579d5c9204a9409ddd0819512fe81) Importer(815301076,1909f56bfc062723c751e8b465ee728b)  -> (artifact id: '5b544ee4f15476e3b69e31b8c6b4d6f1') in 0.010285 seconds 
  Import took 0.018151 seconds .

========================================================================
Received Import Request.
  Time since last request: 17.203815 seconds.
  path: Assets/Scripts/Slicer/Type1/WallSlicer.cs
  artifactKey: Guid(111579d5c9204a9409ddd0819512fe81) Importer(815301076,1909f56bfc062723c751e8b465ee728b)
Start importing Assets/Scripts/Slicer/Type1/WallSlicer.cs using Guid(111579d5c9204a9409ddd0819512fe81) Importer(815301076,1909f56bfc062723c751e8b465ee728b)  -> (artifact id: '8668a8dc66da7cd70b52e0b0ea960a8a') in 0.003425 seconds 
  Import took 0.010339 seconds .

========================================================================
Received Prepare
Registering precompiled user dll's ...
Registered in 0.010087 seconds.
Begin MonoManager ReloadAssembly
Symbol file LoadedFromMemory doesn't match image D:\Git\SupaDupaMan\Library\PackageCache\com.unity.visualscripting@1.6.1\Editor\VisualScripting.Core\Dependencies\YamlDotNet\Unity.VisualScripting.YamlDotNet.dll
Symbol file LoadedFromMemory doesn't match image D:\Git\SupaDupaMan\Library\PackageCache\com.unity.visualscripting@1.6.1\Editor\VisualScripting.Core\Dependencies\DotNetZip\Unity.VisualScripting.IonicZip.dll
Native extension for WindowsStandalone target not found
Refreshing native plugins compatible for Editor in 1.45 ms, found 3 plugins.
Preloading 0 native plugins for Editor in 0.00 ms.
Mono: successfully reloaded assembly
- Completed reload, in  1.586 seconds
Domain Reload Profiling:
	ReloadAssembly (1587ms)
		BeginReloadAssembly (130ms)
			ExecutionOrderSort (0ms)
			DisableScriptedObjects (5ms)
			BackupInstance (0ms)
			ReleaseScriptingObjects (0ms)
			CreateAndSetChildDomain (44ms)
		EndReloadAssembly (1368ms)
			LoadAssemblies (119ms)
			RebuildTransferFunctionScriptingTraits (0ms)
			SetupTypeCache (475ms)
			ReleaseScriptCaches (2ms)
			RebuildScriptCaches (60ms)
			SetupLoadedEditorAssemblies (423ms)
				LogAssemblyErrors (0ms)
				InitializePlatformSupportModulesInManaged (4ms)
				SetLoadedEditorAssemblies (1ms)
				RefreshPlugins (2ms)
				BeforeProcessingInitializeOnLoad (131ms)
				ProcessInitializeOnLoadAttributes (262ms)
				ProcessInitializeOnLoadMethodAttributes (12ms)
				AfterProcessingInitializeOnLoad (12ms)
				EditorAssembliesLoaded (0ms)
			ExecutionOrderSort2 (0ms)
			AwakeInstancesAfterBackupRestoration (90ms)
Platform modules already initialized, skipping
Switching build target platform(19) subTarget(0) extendedPlatform(0) -> platform(13) subTarget(537460736) extendedPlatform(0)
Refreshing native plugins compatible for Editor in 1.40 ms, found 3 plugins.
Preloading 0 native plugins for Editor in 0.00 ms.
Unloading 4543 Unused Serialized files (Serialized files now loaded: 0)
System memory in use before: 179.4 MB.
System memory in use after: 179.5 MB.

Unloading 24 unused Assets to reduce memory usage. Loaded Objects now: 5297.
Total: 5.331100 ms (FindLiveObjects: 0.467300 ms CreateObjectMapping: 0.143100 ms MarkObjects: 4.535000 ms  DeleteObjects: 0.184400 ms)

AssetImportParameters requested are different than current active one (requested -> active):
  custom:framework-win-MediaFoundation: 216162199b28c13a410421893ffa2e32 -> 
  custom:video-decoder-ogg-theora: a1e56fd34408186e4bbccfd4996cb3dc -> 
  custom:container-muxer-webm: aa71ff27fc2769a1b78a27578f13a17b -> 
  custom:container-demuxer-webm: 4f35f7cbe854078d1ac9338744f61a02 -> 
  custom:container-demuxer-ogg: 62fdf1f143b41e24485cea50d1cbac27 -> 
  custom:video-encoder-webm-vp8: eb34c28f22e8b96e1ab97ce403110664 -> 
  custom:video-decoder-webm-vp8: 9c59270c3fd7afecdb556c50c9e8de78 -> 
  custom:graphics/normal-map-encoding: 01000000000000000000000000000000 -> 02000000000000000000000000000000
  custom:audio-decoder-ogg-vorbis: bf7c407c2cedff20999df2af8eb42d56 -> 
  custom:audio-encoder-webm-vorbis: bf7c407c2cedff20999df2af8eb42d56 -> 
========================================================================
Received Import Request.
  Time since last request: 19.215360 seconds.
  path: Assets/Scripts/Slicer/Type1/StickmanSlicer.cs
  artifactKey: Guid(dab64c01baf1d5b4da3e2c12d865193a) Importer(815301076,1909f56bfc062723c751e8b465ee728b)
Start importing Assets/Scripts/Slicer/Type1/StickmanSlicer.cs using Guid(dab64c01baf1d5b4da3e2c12d865193a) Importer(815301076,1909f56bfc062723c751e8b465ee728b)  -> (artifact id: '36aa2c20b420936e00effe7a0be7ff69') in 0.009963 seconds 
  Import took 0.018009 seconds .

========================================================================
Received Import Request.
  Time since last request: 1.438426 seconds.
  path: Assets/Scripts/Slicer/Type1/ObjectsSclicer.cs
  artifactKey: Guid(f3e7c55815dbbd24bbb9b8e83cc8af2e) Importer(815301076,1909f56bfc062723c751e8b465ee728b)
Start importing Assets/Scripts/Slicer/Type1/ObjectsSclicer.cs using Guid(f3e7c55815dbbd24bbb9b8e83cc8af2e) Importer(815301076,1909f56bfc062723c751e8b465ee728b)  -> (artifact id: '5281e69dccf1d811d63957d2fe9994d7') in 0.004097 seconds 
  Import took 0.010960 seconds .

========================================================================
Received Import Request.
  Time since last request: 13.698534 seconds.
  path: Assets/Scripts/Slicer/Type1/CellsDestroyer.cs
  artifactKey: Guid(0ce039dabbc1bcf4f800f7d14e59be86) Importer(815301076,1909f56bfc062723c751e8b465ee728b)
Start importing Assets/Scripts/Slicer/Type1/CellsDestroyer.cs using Guid(0ce039dabbc1bcf4f800f7d14e59be86) Importer(815301076,1909f56bfc062723c751e8b465ee728b)  -> (artifact id: 'dc28c670872a61bd93066b7d58f48853') in 0.003740 seconds 
  Import took 0.028993 seconds .

========================================================================
Received Import Request.
  Time since last request: 1.611215 seconds.
  path: Assets/Scripts/Slicer/Type1/DamagePointWallSlicerMover.cs
  artifactKey: Guid(e4fd5cf9e00f72f4a9b22df5bf06acac) Importer(815301076,1909f56bfc062723c751e8b465ee728b)
Start importing Assets/Scripts/Slicer/Type1/DamagePointWallSlicerMover.cs using Guid(e4fd5cf9e00f72f4a9b22df5bf06acac) Importer(815301076,1909f56bfc062723c751e8b465ee728b)  -> (artifact id: 'd27ed7aab758e745f55b57a5478eab48') in 0.003931 seconds 
  Import took 0.010852 seconds .

========================================================================
Received Prepare
Registering precompiled user dll's ...
Registered in 0.011582 seconds.
Begin MonoManager ReloadAssembly
Symbol file LoadedFromMemory doesn't match image D:\Git\SupaDupaMan\Library\PackageCache\com.unity.visualscripting@1.6.1\Editor\VisualScripting.Core\Dependencies\YamlDotNet\Unity.VisualScripting.YamlDotNet.dll
Symbol file LoadedFromMemory doesn't match image D:\Git\SupaDupaMan\Library\PackageCache\com.unity.visualscripting@1.6.1\Editor\VisualScripting.Core\Dependencies\DotNetZip\Unity.VisualScripting.IonicZip.dll
Native extension for WindowsStandalone target not found
Refreshing native plugins compatible for Editor in 1.75 ms, found 3 plugins.
Preloading 0 native plugins for Editor in 0.00 ms.
Mono: successfully reloaded assembly
- Completed reload, in  1.586 seconds
Domain Reload Profiling:
	ReloadAssembly (1586ms)
		BeginReloadAssembly (137ms)
			ExecutionOrderSort (0ms)
			DisableScriptedObjects (6ms)
			BackupInstance (0ms)
			ReleaseScriptingObjects (0ms)
			CreateAndSetChildDomain (43ms)
		EndReloadAssembly (1362ms)
			LoadAssemblies (123ms)
			RebuildTransferFunctionScriptingTraits (0ms)
			SetupTypeCache (461ms)
			ReleaseScriptCaches (2ms)
			RebuildScriptCaches (54ms)
			SetupLoadedEditorAssemblies (431ms)
				LogAssemblyErrors (0ms)
				InitializePlatformSupportModulesInManaged (4ms)
				SetLoadedEditorAssemblies (1ms)
				RefreshPlugins (2ms)
				BeforeProcessingInitializeOnLoad (137ms)
				ProcessInitializeOnLoadAttributes (261ms)
				ProcessInitializeOnLoadMethodAttributes (13ms)
				AfterProcessingInitializeOnLoad (13ms)
				EditorAssembliesLoaded (0ms)
			ExecutionOrderSort2 (0ms)
			AwakeInstancesAfterBackupRestoration (82ms)
Platform modules already initialized, skipping
Switching build target platform(19) subTarget(0) extendedPlatform(0) -> platform(13) subTarget(537460736) extendedPlatform(0)
Refreshing native plugins compatible for Editor in 1.86 ms, found 3 plugins.
Preloading 0 native plugins for Editor in 0.00 ms.
Unloading 4543 Unused Serialized files (Serialized files now loaded: 0)
System memory in use before: 179.4 MB.
System memory in use after: 179.6 MB.

Unloading 24 unused Assets to reduce memory usage. Loaded Objects now: 5303.
Total: 4.687900 ms (FindLiveObjects: 0.625300 ms CreateObjectMapping: 0.186200 ms MarkObjects: 3.704600 ms  DeleteObjects: 0.170500 ms)

AssetImportParameters requested are different than current active one (requested -> active):
  custom:framework-win-MediaFoundation: 216162199b28c13a410421893ffa2e32 -> 
  custom:video-decoder-ogg-theora: a1e56fd34408186e4bbccfd4996cb3dc -> 
  custom:container-muxer-webm: aa71ff27fc2769a1b78a27578f13a17b -> 
  custom:container-demuxer-webm: 4f35f7cbe854078d1ac9338744f61a02 -> 
  custom:container-demuxer-ogg: 62fdf1f143b41e24485cea50d1cbac27 -> 
  custom:video-encoder-webm-vp8: eb34c28f22e8b96e1ab97ce403110664 -> 
  custom:video-decoder-webm-vp8: 9c59270c3fd7afecdb556c50c9e8de78 -> 
  custom:graphics/normal-map-encoding: 01000000000000000000000000000000 -> 02000000000000000000000000000000
  custom:audio-decoder-ogg-vorbis: bf7c407c2cedff20999df2af8eb42d56 -> 
  custom:audio-encoder-webm-vorbis: bf7c407c2cedff20999df2af8eb42d56 -> 
========================================================================
Received Import Request.
  Time since last request: 66.412455 seconds.
  path: Assets/Scripts/Characters/RegDoll/StartRegDoll.cs
  artifactKey: Guid(8bf0cefb52497d24589595c4277a4e42) Importer(815301076,1909f56bfc062723c751e8b465ee728b)
Start importing Assets/Scripts/Characters/RegDoll/StartRegDoll.cs using Guid(8bf0cefb52497d24589595c4277a4e42) Importer(815301076,1909f56bfc062723c751e8b465ee728b)  -> (artifact id: '6622c5eb852bff94744ca2282408ef02') in 0.010449 seconds 
  Import took 0.017529 seconds .

========================================================================
Received Prepare
Registering precompiled user dll's ...
Registered in 0.011728 seconds.
Begin MonoManager ReloadAssembly
Symbol file LoadedFromMemory doesn't match image D:\Git\SupaDupaMan\Library\PackageCache\com.unity.visualscripting@1.6.1\Editor\VisualScripting.Core\Dependencies\YamlDotNet\Unity.VisualScripting.YamlDotNet.dll
Symbol file LoadedFromMemory doesn't match image D:\Git\SupaDupaMan\Library\PackageCache\com.unity.visualscripting@1.6.1\Editor\VisualScripting.Core\Dependencies\DotNetZip\Unity.VisualScripting.IonicZip.dll
Native extension for WindowsStandalone target not found
Refreshing native plugins compatible for Editor in 1.31 ms, found 3 plugins.
Preloading 0 native plugins for Editor in 0.00 ms.
Mono: successfully reloaded assembly
- Completed reload, in  1.601 seconds
Domain Reload Profiling:
	ReloadAssembly (1601ms)
		BeginReloadAssembly (139ms)
			ExecutionOrderSort (0ms)
			DisableScriptedObjects (6ms)
			BackupInstance (0ms)
			ReleaseScriptingObjects (0ms)
			CreateAndSetChildDomain (43ms)
		EndReloadAssembly (1372ms)
			LoadAssemblies (122ms)
			RebuildTransferFunctionScriptingTraits (0ms)
			SetupTypeCache (463ms)
			ReleaseScriptCaches (2ms)
			RebuildScriptCaches (61ms)
			SetupLoadedEditorAssemblies (421ms)
				LogAssemblyErrors (0ms)
				InitializePlatformSupportModulesInManaged (4ms)
				SetLoadedEditorAssemblies (1ms)
				RefreshPlugins (1ms)
				BeforeProcessingInitializeOnLoad (130ms)
				ProcessInitializeOnLoadAttributes (261ms)
				ProcessInitializeOnLoadMethodAttributes (12ms)
				AfterProcessingInitializeOnLoad (12ms)
				EditorAssembliesLoaded (0ms)
			ExecutionOrderSort2 (0ms)
			AwakeInstancesAfterBackupRestoration (84ms)
Platform modules already initialized, skipping
Switching build target platform(19) subTarget(0) extendedPlatform(0) -> platform(13) subTarget(537460736) extendedPlatform(0)
Refreshing native plugins compatible for Editor in 1.59 ms, found 3 plugins.
Preloading 0 native plugins for Editor in 0.00 ms.
Unloading 4542 Unused Serialized files (Serialized files now loaded: 0)
System memory in use before: 179.3 MB.
System memory in use after: 179.5 MB.

Unloading 25 unused Assets to reduce memory usage. Loaded Objects now: 5308.
Total: 5.529600 ms (FindLiveObjects: 0.630700 ms CreateObjectMapping: 0.151000 ms MarkObjects: 4.480700 ms  DeleteObjects: 0.265000 ms)

AssetImportParameters requested are different than current active one (requested -> active):
  custom:framework-win-MediaFoundation: 216162199b28c13a410421893ffa2e32 -> 
  custom:video-decoder-ogg-theora: a1e56fd34408186e4bbccfd4996cb3dc -> 
  custom:container-muxer-webm: aa71ff27fc2769a1b78a27578f13a17b -> 
  custom:container-demuxer-webm: 4f35f7cbe854078d1ac9338744f61a02 -> 
  custom:container-demuxer-ogg: 62fdf1f143b41e24485cea50d1cbac27 -> 
  custom:video-encoder-webm-vp8: eb34c28f22e8b96e1ab97ce403110664 -> 
  custom:video-decoder-webm-vp8: 9c59270c3fd7afecdb556c50c9e8de78 -> 
  custom:graphics/normal-map-encoding: 01000000000000000000000000000000 -> 02000000000000000000000000000000
  custom:audio-decoder-ogg-vorbis: bf7c407c2cedff20999df2af8eb42d56 -> 
  custom:audio-encoder-webm-vorbis: bf7c407c2cedff20999df2af8eb42d56 -> 
========================================================================
Received Import Request.
  Time since last request: 576.598530 seconds.
  path: Assets/Resources/Epic Toon FX/Prefabs/Interactive/Money/Coins/GoldCoinBlast.prefab
  artifactKey: Guid(09d9de58ef3bf5444ac94afa0e6013cb) Importer(815301076,1909f56bfc062723c751e8b465ee728b)
Start importing Assets/Resources/Epic Toon FX/Prefabs/Interactive/Money/Coins/GoldCoinBlast.prefab using Guid(09d9de58ef3bf5444ac94afa0e6013cb) Importer(815301076,1909f56bfc062723c751e8b465ee728b)  -> (artifact id: '8e8c330a95164ca48deac3b1ee7e432b') in 0.435937 seconds 
  Import took 0.457401 seconds .

========================================================================
Received Import Request.
  Time since last request: 9.104038 seconds.
  path: Assets/Resources/FPS Hands/Hands.fbx
  artifactKey: Guid(71187ff939aaa644182ec8eb7152c619) Importer(815301076,1909f56bfc062723c751e8b465ee728b)
Start importing Assets/Resources/FPS Hands/Hands.fbx using Guid(71187ff939aaa644182ec8eb7152c619) Importer(815301076,1909f56bfc062723c751e8b465ee728b)  -> (artifact id: 'e318671492866b3a91610a576b92132c') in 0.162438 seconds 
  Import took 0.171271 seconds .

========================================================================
Received Import Request.
  Time since last request: 11.102002 seconds.
  path: Assets/Resources/SimpleFX/Models/FX_GunFlash.fbx
  artifactKey: Guid(50a5b61475aba5649a793b8d076e8681) Importer(815301076,1909f56bfc062723c751e8b465ee728b)
Start importing Assets/Resources/SimpleFX/Models/FX_GunFlash.fbx using Guid(50a5b61475aba5649a793b8d076e8681) Importer(815301076,1909f56bfc062723c751e8b465ee728b)  -> (artifact id: 'c7bc70d8f2050a569afc8d2730f147f0') in 0.079728 seconds 
  Import took 0.087945 seconds .

========================================================================
Received Import Request.
  Time since last request: 0.000323 seconds.
  path: Assets/Resources/SimpleFX/Models/FX_Lightray.fbx
  artifactKey: Guid(e27c39df43b866b469e491273c885c51) Importer(815301076,1909f56bfc062723c751e8b465ee728b)
Start importing Assets/Resources/SimpleFX/Models/FX_Lightray.fbx using Guid(e27c39df43b866b469e491273c885c51) Importer(815301076,1909f56bfc062723c751e8b465ee728b)  -> (artifact id: 'df14aeae8a0f6d342edd6a06df98afc5') in 0.079360 seconds 
  Import took 0.086390 seconds .

========================================================================
Received Import Request.
  Time since last request: 0.000293 seconds.
  path: Assets/Resources/SimpleFX/Models/FX_PoolSplash_02.fbx
  artifactKey: Guid(7f803617a1072ec42820168bc40edb46) Importer(815301076,1909f56bfc062723c751e8b465ee728b)
Start importing Assets/Resources/SimpleFX/Models/FX_PoolSplash_02.fbx using Guid(7f803617a1072ec42820168bc40edb46) Importer(815301076,1909f56bfc062723c751e8b465ee728b)  -> (artifact id: '6aaf2ee9fb90fbca3cadab40ef755140') in 0.073859 seconds 
  Import took 0.093675 seconds .

========================================================================
Received Import Request.
  Time since last request: 0.000378 seconds.
  path: Assets/Resources/SimpleFX/Models/FX_PoolSplash_03.fbx
  artifactKey: Guid(104d9f0364dc5e8438f4350ff7e726dd) Importer(815301076,1909f56bfc062723c751e8b465ee728b)
Start importing Assets/Resources/SimpleFX/Models/FX_PoolSplash_03.fbx using Guid(104d9f0364dc5e8438f4350ff7e726dd) Importer(815301076,1909f56bfc062723c751e8b465ee728b)  -> (artifact id: '92fe31cfa54e46011ab462851e550595') in 0.055330 seconds 
  Import took 0.063045 seconds .

========================================================================
Received Import Request.
  Time since last request: 0.000273 seconds.
  path: Assets/Resources/SimpleFX/Models/FX_PoolSplash_01.fbx
  artifactKey: Guid(89f5c0aef85208c47827ce19d9767acb) Importer(815301076,1909f56bfc062723c751e8b465ee728b)
Start importing Assets/Resources/SimpleFX/Models/FX_PoolSplash_01.fbx using Guid(89f5c0aef85208c47827ce19d9767acb) Importer(815301076,1909f56bfc062723c751e8b465ee728b)  -> (artifact id: 'bf2a5dbdb832b07e116ad02d57f23c1f') in 0.065485 seconds 
  Import took 0.073077 seconds .

========================================================================
Received Import Request.
  Time since last request: 2.007905 seconds.
  path: Assets/Resources/SimpleFX/Materials/FX_Base.mat
  artifactKey: Guid(a0cec58fc32f482418596ffdf7c0d693) Importer(815301076,1909f56bfc062723c751e8b465ee728b)
Start importing Assets/Resources/SimpleFX/Materials/FX_Base.mat using Guid(a0cec58fc32f482418596ffdf7c0d693) Importer(815301076,1909f56bfc062723c751e8b465ee728b)  -> (artifact id: '867db7c50d63ce6a994f6864e7fc2d5b') in 0.013941 seconds 
  Import took 0.021221 seconds .

========================================================================
Received Import Request.
  Time since last request: 0.000327 seconds.
  path: Assets/Resources/SimpleFX/Materials/FX_Lightray.mat
  artifactKey: Guid(7e0b60daf18511249a209d52beda2988) Importer(815301076,1909f56bfc062723c751e8b465ee728b)
Start importing Assets/Resources/SimpleFX/Materials/FX_Lightray.mat using Guid(7e0b60daf18511249a209d52beda2988) Importer(815301076,1909f56bfc062723c751e8b465ee728b)  -> (artifact id: '32172d04b06ba85abf8b6015d0b8a7df') in 0.064374 seconds 
  Import took 0.071247 seconds .

========================================================================
Received Import Request.
  Time since last request: 0.000316 seconds.
  path: Assets/Resources/SimpleFX/Materials/FX_Water.mat
  artifactKey: Guid(daf5714b1bd61c84fb8f439922ec2664) Importer(815301076,1909f56bfc062723c751e8b465ee728b)
Start importing Assets/Resources/SimpleFX/Materials/FX_Water.mat using Guid(daf5714b1bd61c84fb8f439922ec2664) Importer(815301076,1909f56bfc062723c751e8b465ee728b)  -> (artifact id: '62368decb9f4e43427a2b782d80baeb5') in 0.046211 seconds 
  Import took 0.066375 seconds .

========================================================================
Received Import Request.
  Time since last request: 0.000305 seconds.
  path: Assets/Resources/SimpleFX/Materials/FX_GunFlash.mat
  artifactKey: Guid(f1b0fea076fb0574d868f6e3d9523f52) Importer(815301076,1909f56bfc062723c751e8b465ee728b)
Start importing Assets/Resources/SimpleFX/Materials/FX_GunFlash.mat using Guid(f1b0fea076fb0574d868f6e3d9523f52) Importer(815301076,1909f56bfc062723c751e8b465ee728b)  -> (artifact id: '2800343abc9d52447cb82fa3884f97c8') in 0.046957 seconds 
  Import took 0.053515 seconds .

========================================================================
Received Import Request.
  Time since last request: 0.000264 seconds.
  path: Assets/Resources/SimpleFX/Materials/FX_Glow.mat
  artifactKey: Guid(040cfa3c61ad57946ae16c627e338920) Importer(815301076,1909f56bfc062723c751e8b465ee728b)
Start importing Assets/Resources/SimpleFX/Materials/FX_Glow.mat using Guid(040cfa3c61ad57946ae16c627e338920) Importer(815301076,1909f56bfc062723c751e8b465ee728b)  -> (artifact id: 'f2714062b5544be8b76b2bcebfd062bb') in 0.025503 seconds 
  Import took 0.033004 seconds .

========================================================================
Received Import Request.
  Time since last request: 0.000323 seconds.
  path: Assets/Resources/SimpleFX/Materials/FX_Splash.mat
  artifactKey: Guid(1ee00051305bdb049b02c923f047227d) Importer(815301076,1909f56bfc062723c751e8b465ee728b)
Start importing Assets/Resources/SimpleFX/Materials/FX_Splash.mat using Guid(1ee00051305bdb049b02c923f047227d) Importer(815301076,1909f56bfc062723c751e8b465ee728b)  -> (artifact id: '618ad7ec695bf4be91440b0a783203b1') in 0.012679 seconds 
  Import took 0.019878 seconds .

========================================================================
Received Import Request.
  Time since last request: 0.000296 seconds.
  path: Assets/Resources/SimpleFX/Materials/FX_Rubble.mat
  artifactKey: Guid(7a9bced7715b2c047b5413e33bc60d5c) Importer(815301076,1909f56bfc062723c751e8b465ee728b)
Start importing Assets/Resources/SimpleFX/Materials/FX_Rubble.mat using Guid(7a9bced7715b2c047b5413e33bc60d5c) Importer(815301076,1909f56bfc062723c751e8b465ee728b)  -> (artifact id: '65db7206f6c6441b7afc24cad03ea578') in 0.012129 seconds 
  Import took 0.019061 seconds .

========================================================================
Received Import Request.
  Time since last request: 1.944788 seconds.
  path: Assets/Resources/SimpleFX/Prefabs/FX_BloodSplatter.prefab
  artifactKey: Guid(8c27aeead6d968e4ba986702d6b84335) Importer(815301076,1909f56bfc062723c751e8b465ee728b)
Start importing Assets/Resources/SimpleFX/Prefabs/FX_BloodSplatter.prefab using Guid(8c27aeead6d968e4ba986702d6b84335) Importer(815301076,1909f56bfc062723c751e8b465ee728b)  -> (artifact id: 'dbef7f09a738acd0624a98e9b92f96e2') in 0.048708 seconds 
  Import took 0.055505 seconds .

========================================================================
Received Import Request.
  Time since last request: 0.000275 seconds.
  path: Assets/Resources/SimpleFX/Prefabs/FX_DirtSplatter.prefab
  artifactKey: Guid(834c99069a124aa439d5795c3579843b) Importer(815301076,1909f56bfc062723c751e8b465ee728b)
Start importing Assets/Resources/SimpleFX/Prefabs/FX_DirtSplatter.prefab using Guid(834c99069a124aa439d5795c3579843b) Importer(815301076,1909f56bfc062723c751e8b465ee728b)  -> (artifact id: '802653d62a40a061b559d4ad6d33ff5e') in 0.041361 seconds 
  Import took 0.047745 seconds .

========================================================================
Received Import Request.
  Time since last request: 0.002341 seconds.
  path: Assets/Resources/SimpleFX/Prefabs/FX_Dust_Prefab_01.prefab
  artifactKey: Guid(c83a45822d0d3f94991e76a87670125c) Importer(815301076,1909f56bfc062723c751e8b465ee728b)
Start importing Assets/Resources/SimpleFX/Prefabs/FX_Dust_Prefab_01.prefab using Guid(c83a45822d0d3f94991e76a87670125c) Importer(815301076,1909f56bfc062723c751e8b465ee728b)  -> (artifact id: 'e3472128d2adcbec1e57470a5e4cf70d') in 0.036249 seconds 
  Import took 0.042721 seconds .

========================================================================
Received Import Request.
  Time since last request: 0.000246 seconds.
  path: Assets/Resources/SimpleFX/Prefabs/FX_Dust_Prefab_02.prefab
  artifactKey: Guid(cd427f0dc853ec74a9ba1c5ff0e48ca2) Importer(815301076,1909f56bfc062723c751e8b465ee728b)
Start importing Assets/Resources/SimpleFX/Prefabs/FX_Dust_Prefab_02.prefab using Guid(cd427f0dc853ec74a9ba1c5ff0e48ca2) Importer(815301076,1909f56bfc062723c751e8b465ee728b)  -> (artifact id: '0eb542ec3b37045957e0e6266b6b569e') in 0.024281 seconds 
  Import took 0.031057 seconds .

========================================================================
Received Import Request.
  Time since last request: 0.000280 seconds.
  path: Assets/Resources/SimpleFX/Prefabs/FX_Dust_Prefab_03.prefab
  artifactKey: Guid(1570b78163aaedc44bfd35cf13a9f13f) Importer(815301076,1909f56bfc062723c751e8b465ee728b)
Start importing Assets/Resources/SimpleFX/Prefabs/FX_Dust_Prefab_03.prefab using Guid(1570b78163aaedc44bfd35cf13a9f13f) Importer(815301076,1909f56bfc062723c751e8b465ee728b)  -> (artifact id: '72ad262e4e328f0f310cd745369248e0') in 0.024691 seconds 
  Import took 0.054580 seconds .

========================================================================
Received Import Request.
  Time since last request: 0.000295 seconds.
  path: Assets/Resources/SimpleFX/Prefabs/FX_Fireworks_Blue_Large.prefab
  artifactKey: Guid(5702e2a6fea804b45b49b70d8feaf7ae) Importer(815301076,1909f56bfc062723c751e8b465ee728b)
Start importing Assets/Resources/SimpleFX/Prefabs/FX_Fireworks_Blue_Large.prefab using Guid(5702e2a6fea804b45b49b70d8feaf7ae) Importer(815301076,1909f56bfc062723c751e8b465ee728b)  -> (artifact id: '286100290cf0788a9c8c7846c8ddaff2') in 0.029133 seconds 
  Import took 0.035992 seconds .

========================================================================
Received Import Request.
  Time since last request: 0.000253 seconds.
  path: Assets/Resources/SimpleFX/Prefabs/FX_Fireworks_Green_Large.prefab
  artifactKey: Guid(26d069e6f78e6f8478e4dc0152bd6939) Importer(815301076,1909f56bfc062723c751e8b465ee728b)
Start importing Assets/Resources/SimpleFX/Prefabs/FX_Fireworks_Green_Large.prefab using Guid(26d069e6f78e6f8478e4dc0152bd6939) Importer(815301076,1909f56bfc062723c751e8b465ee728b)  -> (artifact id: 'f71ffdfd77af777d90a6a2e31221f9d0') in 0.030853 seconds 
  Import took 0.054824 seconds .

========================================================================
Received Import Request.
  Time since last request: 0.000306 seconds.
  path: Assets/Resources/SimpleFX/Prefabs/FX_Fireworks_Green_Small.prefab
  artifactKey: Guid(cd4d7020429cde74db076ffa72495419) Importer(815301076,1909f56bfc062723c751e8b465ee728b)
Start importing Assets/Resources/SimpleFX/Prefabs/FX_Fireworks_Green_Small.prefab using Guid(cd4d7020429cde74db076ffa72495419) Importer(815301076,1909f56bfc062723c751e8b465ee728b)  -> (artifact id: '92afa1e3aaf0363e5c14352bb0508442') in 0.020473 seconds 
  Import took 0.035433 seconds .

========================================================================
Received Import Request.
  Time since last request: 0.000329 seconds.
  path: Assets/Resources/SimpleFX/Prefabs/FX_Fire.prefab
  artifactKey: Guid(756d99540142b5e4a8d174e18a6310d9) Importer(815301076,1909f56bfc062723c751e8b465ee728b)
Start importing Assets/Resources/SimpleFX/Prefabs/FX_Fire.prefab using Guid(756d99540142b5e4a8d174e18a6310d9) Importer(815301076,1909f56bfc062723c751e8b465ee728b)  -> (artifact id: '7895cee6addab856f220a932a9449acd') in 0.011803 seconds 
  Import took 0.018059 seconds .

========================================================================
Received Import Request.
  Time since last request: 0.000283 seconds.
  path: Assets/Resources/SimpleFX/Prefabs/FX_Explosion_Rubble.prefab
  artifactKey: Guid(079954accd64b32419ec069129c81273) Importer(815301076,1909f56bfc062723c751e8b465ee728b)
Start importing Assets/Resources/SimpleFX/Prefabs/FX_Explosion_Rubble.prefab using Guid(079954accd64b32419ec069129c81273) Importer(815301076,1909f56bfc062723c751e8b465ee728b)  -> (artifact id: '68bb6734e883df6d338262779992bc92') in 0.013512 seconds 
  Import took 0.020109 seconds .

========================================================================
Received Import Request.
  Time since last request: 0.000292 seconds.
  path: Assets/Resources/SimpleFX/Prefabs/FX_Fireworks_Blue_Small .prefab
  artifactKey: Guid(6636b3078b0905e489f698a11b7a6b6b) Importer(815301076,1909f56bfc062723c751e8b465ee728b)
Start importing Assets/Resources/SimpleFX/Prefabs/FX_Fireworks_Blue_Small .prefab using Guid(6636b3078b0905e489f698a11b7a6b6b) Importer(815301076,1909f56bfc062723c751e8b465ee728b)  -> (artifact id: 'dd5040523c984dc74832548b23d75f06') in 0.011793 seconds 
  Import took 0.018593 seconds .

========================================================================
Received Import Request.
  Time since last request: 0.000312 seconds.
  path: Assets/Resources/SimpleFX/Prefabs/FX_Fireworks_Yellow_Small.prefab
  artifactKey: Guid(6586ff0f14125534cae2f5d8f04b7871) Importer(815301076,1909f56bfc062723c751e8b465ee728b)
Start importing Assets/Resources/SimpleFX/Prefabs/FX_Fireworks_Yellow_Small.prefab using Guid(6586ff0f14125534cae2f5d8f04b7871) Importer(815301076,1909f56bfc062723c751e8b465ee728b)  -> (artifact id: '2f9cf0de251dca99e8333b4875f4c1cd') in 0.012029 seconds 
  Import took 0.018338 seconds .

========================================================================
Received Import Request.
  Time since last request: 0.000280 seconds.
  path: Assets/Resources/SimpleFX/Prefabs/FX_GunFlash.prefab
  artifactKey: Guid(b955daae02e019d45a8fb68cfd843784) Importer(815301076,1909f56bfc062723c751e8b465ee728b)
Start importing Assets/Resources/SimpleFX/Prefabs/FX_GunFlash.prefab using Guid(b955daae02e019d45a8fb68cfd843784) Importer(815301076,1909f56bfc062723c751e8b465ee728b)  -> (artifact id: 'cb4a83ecd05f7772c4d6bc453e748d6f') in 0.035408 seconds 
  Import took 0.042093 seconds .

========================================================================
Received Import Request.
  Time since last request: 0.000243 seconds.
  path: Assets/Resources/SimpleFX/Prefabs/FX_Lightray.prefab
  artifactKey: Guid(e7aa3eba36ce5d04c84a01925e585932) Importer(815301076,1909f56bfc062723c751e8b465ee728b)
Start importing Assets/Resources/SimpleFX/Prefabs/FX_Lightray.prefab using Guid(e7aa3eba36ce5d04c84a01925e585932) Importer(815301076,1909f56bfc062723c751e8b465ee728b)  -> (artifact id: 'fa2542feb6e8e53c08cba8e32828cc15') in 0.014106 seconds 
  Import took 0.043778 seconds .

========================================================================
Received Import Request.
  Time since last request: 0.000298 seconds.
  path: Assets/Resources/SimpleFX/Prefabs/FX_PoolSplash_01.prefab
  artifactKey: Guid(ad879d352fd419047bdfc53b3d2a1961) Importer(815301076,1909f56bfc062723c751e8b465ee728b)
Start importing Assets/Resources/SimpleFX/Prefabs/FX_PoolSplash_01.prefab using Guid(ad879d352fd419047bdfc53b3d2a1961) Importer(815301076,1909f56bfc062723c751e8b465ee728b)  -> (artifact id: '5a827bba4fc928ed2a401bba659be6c5') in 0.011286 seconds 
  Import took 0.017885 seconds .

========================================================================
Received Import Request.
  Time since last request: 0.000244 seconds.
  path: Assets/Resources/SimpleFX/Prefabs/FX_Rubble.prefab
  artifactKey: Guid(7904355fdf7fdcb4ebc3dca81eb5890e) Importer(815301076,1909f56bfc062723c751e8b465ee728b)
Start importing Assets/Resources/SimpleFX/Prefabs/FX_Rubble.prefab using Guid(7904355fdf7fdcb4ebc3dca81eb5890e) Importer(815301076,1909f56bfc062723c751e8b465ee728b)  -> (artifact id: 'fc4a0aa12ccf12340c4144d131dc1fb0') in 0.030878 seconds 
  Import took 0.037459 seconds .

========================================================================
Received Import Request.
  Time since last request: 0.000267 seconds.
  path: Assets/Resources/SimpleFX/Prefabs/FX_Smoke.prefab
  artifactKey: Guid(ab1112643ee572748b01dede71158272) Importer(815301076,1909f56bfc062723c751e8b465ee728b)
Start importing Assets/Resources/SimpleFX/Prefabs/FX_Smoke.prefab using Guid(ab1112643ee572748b01dede71158272) Importer(815301076,1909f56bfc062723c751e8b465ee728b)  -> (artifact id: 'a8d44e120ebbec116e24ede353bb5867') in 0.019867 seconds 
  Import took 0.054320 seconds .

========================================================================
Received Import Request.
  Time since last request: 0.000283 seconds.
  path: Assets/Resources/SimpleFX/Prefabs/FX_Steam.prefab
  artifactKey: Guid(5b6c2f68addb63847b151f0d41a9d3b1) Importer(815301076,1909f56bfc062723c751e8b465ee728b)
Start importing Assets/Resources/SimpleFX/Prefabs/FX_Steam.prefab using Guid(5b6c2f68addb63847b151f0d41a9d3b1) Importer(815301076,1909f56bfc062723c751e8b465ee728b)  -> (artifact id: '87d6876d83b77c4f1ba3bf8b8023e2bc') in 0.012527 seconds 
  Import took 0.019158 seconds .

========================================================================
Received Import Request.
  Time since last request: 0.000250 seconds.
  path: Assets/Resources/SimpleFX/Prefabs/FX_TireSmoke.prefab
  artifactKey: Guid(d7bf18dd20422304ea868e95c3518f19) Importer(815301076,1909f56bfc062723c751e8b465ee728b)
Start importing Assets/Resources/SimpleFX/Prefabs/FX_TireSmoke.prefab using Guid(d7bf18dd20422304ea868e95c3518f19) Importer(815301076,1909f56bfc062723c751e8b465ee728b)  -> (artifact id: '4170a4e06b4aca66bfe9085fa50db6ad') in 0.012869 seconds 
  Import took 0.019529 seconds .

========================================================================
Received Import Request.
  Time since last request: 0.000287 seconds.
  path: Assets/Resources/SimpleFX/Prefabs/FX_WaterSplatter.prefab
  artifactKey: Guid(263867d4955e3644f9a1dfa779ab7d1e) Importer(815301076,1909f56bfc062723c751e8b465ee728b)
Start importing Assets/Resources/SimpleFX/Prefabs/FX_WaterSplatter.prefab using Guid(263867d4955e3644f9a1dfa779ab7d1e) Importer(815301076,1909f56bfc062723c751e8b465ee728b)  -> (artifact id: '05b6bd2791f7c3b2de0744424af5f1ab') in 0.013962 seconds 
  Import took 0.030589 seconds .

========================================================================
Received Import Request.
  Time since last request: 0.000316 seconds.
  path: Assets/Resources/SimpleFX/Prefabs/FX_WaterSplash.prefab
  artifactKey: Guid(e49403f034d74ee44aa8a41b0ee4abfd) Importer(815301076,1909f56bfc062723c751e8b465ee728b)
Start importing Assets/Resources/SimpleFX/Prefabs/FX_WaterSplash.prefab using Guid(e49403f034d74ee44aa8a41b0ee4abfd) Importer(815301076,1909f56bfc062723c751e8b465ee728b)  -> (artifact id: 'a126a3171c225086034de9cd9e66796e') in 0.012272 seconds 
  Import took 0.019416 seconds .

========================================================================
Received Import Request.
  Time since last request: 0.000279 seconds.
  path: Assets/Resources/SimpleFX/Prefabs/FX_Fireworks_Yellow_Large.prefab
  artifactKey: Guid(0f75f6db4a318f54382e0c98b2226db8) Importer(815301076,1909f56bfc062723c751e8b465ee728b)
Start importing Assets/Resources/SimpleFX/Prefabs/FX_Fireworks_Yellow_Large.prefab using Guid(0f75f6db4a318f54382e0c98b2226db8) Importer(815301076,1909f56bfc062723c751e8b465ee728b)  -> (artifact id: 'a5d189dbaad6a969f9c7343a8c548f09') in 0.017647 seconds 
  Import took 0.025682 seconds .

========================================================================
Received Import Request.
  Time since last request: 0.000244 seconds.
  path: Assets/Resources/SimpleFX/Prefabs/FX_FlameThrower.prefab
  artifactKey: Guid(5cd5599e01f32bd418f20a3b9eac1c57) Importer(815301076,1909f56bfc062723c751e8b465ee728b)
Start importing Assets/Resources/SimpleFX/Prefabs/FX_FlameThrower.prefab using Guid(5cd5599e01f32bd418f20a3b9eac1c57) Importer(815301076,1909f56bfc062723c751e8b465ee728b)  -> (artifact id: 'c9ae359e201b3f79091a7846718c222b') in 0.013677 seconds 
  Import took 0.043711 seconds .

========================================================================
Received Import Request.
  Time since last request: 0.000291 seconds.
  path: Assets/Resources/SimpleFX/Prefabs/FX_PoolSplash_02.prefab
  artifactKey: Guid(0d37f80e5a9508346b0ec65e1917e053) Importer(815301076,1909f56bfc062723c751e8b465ee728b)
Start importing Assets/Resources/SimpleFX/Prefabs/FX_PoolSplash_02.prefab using Guid(0d37f80e5a9508346b0ec65e1917e053) Importer(815301076,1909f56bfc062723c751e8b465ee728b)  -> (artifact id: 'cec362e9c61331c9a75e3e2f19c85d76') in 0.017754 seconds 
  Import took 0.024759 seconds .

========================================================================
Received Import Request.
  Time since last request: 0.000280 seconds.
  path: Assets/Resources/SimpleFX/Prefabs/FX_PoolSplash_03.prefab
  artifactKey: Guid(b147df4880cd0df449352ee652f14686) Importer(815301076,1909f56bfc062723c751e8b465ee728b)
Start importing Assets/Resources/SimpleFX/Prefabs/FX_PoolSplash_03.prefab using Guid(b147df4880cd0df449352ee652f14686) Importer(815301076,1909f56bfc062723c751e8b465ee728b)  -> (artifact id: '0d7919170050a92e447820ad518d4bdc') in 0.012761 seconds 
  Import took 0.028491 seconds .

========================================================================
Received Import Request.
  Time since last request: 11.647114 seconds.
  path: Assets/Resources/SliceCube/Bin.fbx
  artifactKey: Guid(6abedf383077d2641a3286e754bc3cc7) Importer(815301076,1909f56bfc062723c751e8b465ee728b)
Start importing Assets/Resources/SliceCube/Bin.fbx using Guid(6abedf383077d2641a3286e754bc3cc7) Importer(815301076,1909f56bfc062723c751e8b465ee728b)  -> (artifact id: '751be80f114ece1538abbe9f63ec6504') in 1.357159 seconds 
  Import took 1.365650 seconds .

========================================================================
Received Import Request.
  Time since last request: 0.000284 seconds.
  path: Assets/Resources/SliceCube/wallSliced2.fbx
  artifactKey: Guid(066b3ec086084874fa842e7251c6f10e) Importer(815301076,1909f56bfc062723c751e8b465ee728b)
Start importing Assets/Resources/SliceCube/wallSliced2.fbx using Guid(066b3ec086084874fa842e7251c6f10e) Importer(815301076,1909f56bfc062723c751e8b465ee728b)  -> (artifact id: 'bb260065329f9ec57e238f11f25a3213') in 0.415928 seconds 
  Import took 0.423283 seconds .

========================================================================
Received Import Request.
  Time since last request: 0.000294 seconds.
  path: Assets/Resources/SliceCube/SPW_Vehicle_Land_Static_Truck.fbx
  artifactKey: Guid(6fa8dfdf8d6cac4479d7fcfef1682d0e) Importer(815301076,1909f56bfc062723c751e8b465ee728b)
Start importing Assets/Resources/SliceCube/SPW_Vehicle_Land_Static_Truck.fbx using Guid(6fa8dfdf8d6cac4479d7fcfef1682d0e) Importer(815301076,1909f56bfc062723c751e8b465ee728b)  -> (artifact id: '1939ba82401cd0a8c8e6109129796405') in 2.085444 seconds 
  Import took 2.093761 seconds .

========================================================================
Received Import Request.
  Time since last request: 0.000281 seconds.
  path: Assets/Resources/SliceCube/lightsaber_latestattempt.fbx
  artifactKey: Guid(41b3bff329516f140b077219aa9d16b6) Importer(815301076,1909f56bfc062723c751e8b465ee728b)
Start importing Assets/Resources/SliceCube/lightsaber_latestattempt.fbx using Guid(41b3bff329516f140b077219aa9d16b6) Importer(815301076,1909f56bfc062723c751e8b465ee728b)  -> (artifact id: '96710fb882e08a35cb6a34a655f2fbfd') in 0.089378 seconds 
  Import took 0.097078 seconds .

========================================================================
Received Import Request.
  Time since last request: 0.000299 seconds.
  path: Assets/Resources/SliceCube/SPW_Vehicle_Land_Static_Car2.fbx
  artifactKey: Guid(1009d9bad3cb228458c92a39badcd0cc) Importer(815301076,1909f56bfc062723c751e8b465ee728b)
Start importing Assets/Resources/SliceCube/SPW_Vehicle_Land_Static_Car2.fbx using Guid(1009d9bad3cb228458c92a39badcd0cc) Importer(815301076,1909f56bfc062723c751e8b465ee728b)  -> (artifact id: '2780e4c6fcf15257dbd0728b7d76e2dd') in 0.637264 seconds 
  Import took 0.645291 seconds .

========================================================================
Received Import Request.
  Time since last request: 14.034839 seconds.
  path: Assets/Prefabs/Environment/EnviLevels/EnemiesAndEnvironments0.prefab
  artifactKey: Guid(18e4860174946d74087135b456e94c38) Importer(815301076,1909f56bfc062723c751e8b465ee728b)
Start importing Assets/Prefabs/Environment/EnviLevels/EnemiesAndEnvironments0.prefab using Guid(18e4860174946d74087135b456e94c38) Importer(815301076,1909f56bfc062723c751e8b465ee728b)  -> (artifact id: '04e76ac86df58517c6378386ce97d688') in 0.582334 seconds 
  Import took 0.605241 seconds .

========================================================================
Received Import Request.
  Time since last request: 13.725175 seconds.
  path: Assets/Prefabs/Environment/EnviLevels/Environments.prefab
  artifactKey: Guid(1fe16df9a5e5bb3458507e90bfcdffb2) Importer(815301076,1909f56bfc062723c751e8b465ee728b)
Start importing Assets/Prefabs/Environment/EnviLevels/Environments.prefab using Guid(1fe16df9a5e5bb3458507e90bfcdffb2) Importer(815301076,1909f56bfc062723c751e8b465ee728b)  -> (artifact id: '8c5922c9a499a50eb5280f881d9b49d6') in 0.051251 seconds 
  Import took 0.074739 seconds .

========================================================================
Received Import Request.
  Time since last request: 17.827798 seconds.
  path: Assets/Materials/Environments/SlicebleWall.mat
  artifactKey: Guid(29a578f51edbbe846b4b900a8a33b613) Importer(815301076,1909f56bfc062723c751e8b465ee728b)
Start importing Assets/Materials/Environments/SlicebleWall.mat using Guid(29a578f51edbbe846b4b900a8a33b613) Importer(815301076,1909f56bfc062723c751e8b465ee728b)  -> (artifact id: '7c37f00f3421e1f80d57086c9a4c41bd') in 0.018952 seconds 
  Import took 0.026212 seconds .

========================================================================
Received Import Request.
  Time since last request: 0.000248 seconds.
  path: Assets/Materials/Environments/SlicebleWallWithoutScar.mat
  artifactKey: Guid(8497abb73e6e5e2438fb21cbf644edb7) Importer(815301076,1909f56bfc062723c751e8b465ee728b)
Start importing Assets/Materials/Environments/SlicebleWallWithoutScar.mat using Guid(8497abb73e6e5e2438fb21cbf644edb7) Importer(815301076,1909f56bfc062723c751e8b465ee728b)  -> (artifact id: 'd70b3d1f471b6a2ce48ace385122596c') in 0.048638 seconds 
  Import took 0.071314 seconds .

========================================================================
Received Import Request.
  Time since last request: 4.250751 seconds.
  path: Assets/Materials/Environments/Buildings/Building 1 Main.mat
  artifactKey: Guid(caa82eda276cc104f9ebc9fb1809a1a4) Importer(815301076,1909f56bfc062723c751e8b465ee728b)
Start importing Assets/Materials/Environments/Buildings/Building 1 Main.mat using Guid(caa82eda276cc104f9ebc9fb1809a1a4) Importer(815301076,1909f56bfc062723c751e8b465ee728b)  -> (artifact id: '1c9f9e41a0e553e3371a150ec980e55c') in 0.052513 seconds 
  Import took 0.071922 seconds .

========================================================================
Received Import Request.
  Time since last request: 0.000301 seconds.
  path: Assets/Materials/Environments/Buildings/Building 2.mat
  artifactKey: Guid(e594659a69214ed459f7f3c39b77b3ba) Importer(815301076,1909f56bfc062723c751e8b465ee728b)
Start importing Assets/Materials/Environments/Buildings/Building 2.mat using Guid(e594659a69214ed459f7f3c39b77b3ba) Importer(815301076,1909f56bfc062723c751e8b465ee728b)  -> (artifact id: 'a32dec4ed41c9a71553055755b8959a6') in 0.026093 seconds 
  Import took 0.033190 seconds .

========================================================================
Received Import Request.
  Time since last request: 0.000445 seconds.
  path: Assets/Materials/Environments/Buildings/Building 3 Main.mat
  artifactKey: Guid(878d92787fdbfd34d9d6f28b891f8e79) Importer(815301076,1909f56bfc062723c751e8b465ee728b)
Start importing Assets/Materials/Environments/Buildings/Building 3 Main.mat using Guid(878d92787fdbfd34d9d6f28b891f8e79) Importer(815301076,1909f56bfc062723c751e8b465ee728b)  -> (artifact id: 'c1648c0d68b4854f19e4ec23b166f792') in 0.055857 seconds 
  Import took 0.063612 seconds .

========================================================================
Received Import Request.
  Time since last request: 0.000313 seconds.
  path: Assets/Materials/Environments/Buildings/Building 2 Main.mat
  artifactKey: Guid(a9ac25e87ba6a764285d68e9673c2976) Importer(815301076,1909f56bfc062723c751e8b465ee728b)
Start importing Assets/Materials/Environments/Buildings/Building 2 Main.mat using Guid(a9ac25e87ba6a764285d68e9673c2976) Importer(815301076,1909f56bfc062723c751e8b465ee728b)  -> (artifact id: 'a24c17050217a074bdfc829cc801e2aa') in 0.051045 seconds 
  Import took 0.057855 seconds .

========================================================================
Received Import Request.
  Time since last request: 0.000307 seconds.
  path: Assets/Materials/Environments/Buildings/Building 3.mat
  artifactKey: Guid(17d69597c43c1c347b2b3c76e91b28b6) Importer(815301076,1909f56bfc062723c751e8b465ee728b)
Start importing Assets/Materials/Environments/Buildings/Building 3.mat using Guid(17d69597c43c1c347b2b3c76e91b28b6) Importer(815301076,1909f56bfc062723c751e8b465ee728b)  -> (artifact id: '4a4ba5e1d879ffc676617c5c57a06c29') in 0.013486 seconds 
  Import took 0.022175 seconds .

========================================================================
Received Import Request.
  Time since last request: 4.022683 seconds.
  path: Assets/Materials/Environments/Road/Ground.mat
  artifactKey: Guid(223c11f411e494340b403c347ed60e9c) Importer(815301076,1909f56bfc062723c751e8b465ee728b)
Start importing Assets/Materials/Environments/Road/Ground.mat using Guid(223c11f411e494340b403c347ed60e9c) Importer(815301076,1909f56bfc062723c751e8b465ee728b)  -> (artifact id: '8b7165500d45035f5a53c5b41a77220e') in 0.013349 seconds 
  Import took 0.033244 seconds .

========================================================================
Received Import Request.
  Time since last request: 0.000317 seconds.
  path: Assets/Materials/Environments/Road/SideWalk2.mat
  artifactKey: Guid(61b632218af0fb94b9cf2cdb58aa533c) Importer(815301076,1909f56bfc062723c751e8b465ee728b)
Start importing Assets/Materials/Environments/Road/SideWalk2.mat using Guid(61b632218af0fb94b9cf2cdb58aa533c) Importer(815301076,1909f56bfc062723c751e8b465ee728b)  -> (artifact id: '87afef2080c6ff24453c5420d3d4fd11') in 0.027471 seconds 
  Import took 0.035650 seconds .

========================================================================
Received Import Request.
  Time since last request: 0.000285 seconds.
  path: Assets/Materials/Environments/Road/SideWalk3.mat
  artifactKey: Guid(d9c4d2616410faf42853371e999fefbe) Importer(815301076,1909f56bfc062723c751e8b465ee728b)
Start importing Assets/Materials/Environments/Road/SideWalk3.mat using Guid(d9c4d2616410faf42853371e999fefbe) Importer(815301076,1909f56bfc062723c751e8b465ee728b)  -> (artifact id: '41d44f065df51346ed567d7775a70fa7') in 0.013116 seconds 
  Import took 0.028459 seconds .

========================================================================
Received Import Request.
  Time since last request: 0.000287 seconds.
  path: Assets/Materials/Environments/Road/SideWalk1.mat
  artifactKey: Guid(dc40493840386de498f8344cabc8e7a1) Importer(815301076,1909f56bfc062723c751e8b465ee728b)
Start importing Assets/Materials/Environments/Road/SideWalk1.mat using Guid(dc40493840386de498f8344cabc8e7a1) Importer(815301076,1909f56bfc062723c751e8b465ee728b)  -> (artifact id: '0fff383894682a59d97a80e8017d0c9b') in 0.014154 seconds 
  Import took 0.022410 seconds .

========================================================================
Received Import Request.
  Time since last request: 4.350282 seconds.
  path: Assets/Resources/CustomShaders/FlatKit/Demos/[Demo] Mugs/Mugs-Materials/2 - OneColorVariousParameters/BlPrMugs-Scene_2_RampTextures/02.2-BlueprintGrid-Mug-14_CelStepTexture-ramp.png
  artifactKey: Guid(953f01b1bb2df4bd29ea2cbb2576b45a) Importer(815301076,1909f56bfc062723c751e8b465ee728b)
Start importing Assets/Resources/CustomShaders/FlatKit/Demos/[Demo] Mugs/Mugs-Materials/2 - OneColorVariousParameters/BlPrMugs-Scene_2_RampTextures/02.2-BlueprintGrid-Mug-14_CelStepTexture-ramp.png using Guid(953f01b1bb2df4bd29ea2cbb2576b45a) Importer(815301076,1909f56bfc062723c751e8b465ee728b)  -> (artifact id: '5400f9f72c2bbd7b6ec5761c6bfd9b73') in 0.032672 seconds 
  Import took 0.039959 seconds .

========================================================================
Received Import Request.
  Time since last request: 10.862070 seconds.
  path: Assets/Materials/Environments/Road/Bak.mat
  artifactKey: Guid(223c11f411e494340b403c347ed60e9c) Importer(815301076,1909f56bfc062723c751e8b465ee728b)
Start importing Assets/Materials/Environments/Road/Bak.mat using Guid(223c11f411e494340b403c347ed60e9c) Importer(815301076,1909f56bfc062723c751e8b465ee728b)  -> (artifact id: 'e39ed6b4dd4b50b279f10f657e9d14e1') in 0.032588 seconds 
  Import took 0.041462 seconds .

========================================================================
Received Import Request.
  Time since last request: 517.281656 seconds.
  path: Assets/Materials/Environments/Road/Bak.mat
  artifactKey: Guid(223c11f411e494340b403c347ed60e9c) Importer(815301076,1909f56bfc062723c751e8b465ee728b)
Start importing Assets/Materials/Environments/Road/Bak.mat using Guid(223c11f411e494340b403c347ed60e9c) Importer(815301076,1909f56bfc062723c751e8b465ee728b)  -> (artifact id: '4e1e2baa99231bb679d38eb4e3d2f017') in 0.018530 seconds 
  Import took 0.028167 seconds .

========================================================================
Received Prepare
Registering precompiled user dll's ...
Registered in 0.010302 seconds.
Begin MonoManager ReloadAssembly
Symbol file LoadedFromMemory doesn't match image D:\Git\SupaDupaMan\Library\PackageCache\com.unity.visualscripting@1.6.1\Editor\VisualScripting.Core\Dependencies\YamlDotNet\Unity.VisualScripting.YamlDotNet.dll
Symbol file LoadedFromMemory doesn't match image D:\Git\SupaDupaMan\Library\PackageCache\com.unity.visualscripting@1.6.1\Editor\VisualScripting.Core\Dependencies\DotNetZip\Unity.VisualScripting.IonicZip.dll
Native extension for WindowsStandalone target not found
Refreshing native plugins compatible for Editor in 1.26 ms, found 3 plugins.
Preloading 0 native plugins for Editor in 0.00 ms.
Mono: successfully reloaded assembly
- Completed reload, in  1.469 seconds
Domain Reload Profiling:
	ReloadAssembly (1470ms)
		BeginReloadAssembly (128ms)
			ExecutionOrderSort (0ms)
			DisableScriptedObjects (8ms)
			BackupInstance (0ms)
			ReleaseScriptingObjects (0ms)
			CreateAndSetChildDomain (43ms)
		EndReloadAssembly (1265ms)
			LoadAssemblies (111ms)
			RebuildTransferFunctionScriptingTraits (0ms)
			SetupTypeCache (418ms)
			ReleaseScriptCaches (2ms)
			RebuildScriptCaches (54ms)
			SetupLoadedEditorAssemblies (385ms)
				LogAssemblyErrors (0ms)
				InitializePlatformSupportModulesInManaged (4ms)
				SetLoadedEditorAssemblies (1ms)
				RefreshPlugins (1ms)
				BeforeProcessingInitializeOnLoad (122ms)
				ProcessInitializeOnLoadAttributes (234ms)
				ProcessInitializeOnLoadMethodAttributes (11ms)
				AfterProcessingInitializeOnLoad (11ms)
				EditorAssembliesLoaded (0ms)
			ExecutionOrderSort2 (0ms)
			AwakeInstancesAfterBackupRestoration (81ms)
Platform modules already initialized, skipping
Switching build target platform(19) subTarget(0) extendedPlatform(0) -> platform(13) subTarget(537460736) extendedPlatform(0)
Refreshing native plugins compatible for Editor in 1.26 ms, found 3 plugins.
Preloading 0 native plugins for Editor in 0.00 ms.
Unloading 4542 Unused Serialized files (Serialized files now loaded: 0)
System memory in use before: 197.7 MB.
System memory in use after: 197.9 MB.

Unloading 24 unused Assets to reduce memory usage. Loaded Objects now: 5362.
Total: 4.532400 ms (FindLiveObjects: 0.482900 ms CreateObjectMapping: 0.123700 ms MarkObjects: 3.891700 ms  DeleteObjects: 0.032400 ms)

AssetImportParameters requested are different than current active one (requested -> active):
  custom:framework-win-MediaFoundation: 216162199b28c13a410421893ffa2e32 -> 
  custom:video-decoder-ogg-theora: a1e56fd34408186e4bbccfd4996cb3dc -> 
  custom:container-muxer-webm: aa71ff27fc2769a1b78a27578f13a17b -> 
  custom:container-demuxer-webm: 4f35f7cbe854078d1ac9338744f61a02 -> 
  custom:container-demuxer-ogg: 62fdf1f143b41e24485cea50d1cbac27 -> 
  custom:video-encoder-webm-vp8: eb34c28f22e8b96e1ab97ce403110664 -> 
  custom:video-decoder-webm-vp8: 9c59270c3fd7afecdb556c50c9e8de78 -> 
  custom:graphics/normal-map-encoding: 01000000000000000000000000000000 -> 02000000000000000000000000000000
  custom:audio-decoder-ogg-vorbis: bf7c407c2cedff20999df2af8eb42d56 -> 
  custom:audio-encoder-webm-vorbis: bf7c407c2cedff20999df2af8eb42d56 -> 
========================================================================
Received Prepare
Registering precompiled user dll's ...
Registered in 0.010491 seconds.
Begin MonoManager ReloadAssembly
Symbol file LoadedFromMemory doesn't match image D:\Git\SupaDupaMan\Library\PackageCache\com.unity.visualscripting@1.6.1\Editor\VisualScripting.Core\Dependencies\YamlDotNet\Unity.VisualScripting.YamlDotNet.dll
Symbol file LoadedFromMemory doesn't match image D:\Git\SupaDupaMan\Library\PackageCache\com.unity.visualscripting@1.6.1\Editor\VisualScripting.Core\Dependencies\DotNetZip\Unity.VisualScripting.IonicZip.dll
Native extension for WindowsStandalone target not found
Refreshing native plugins compatible for Editor in 1.41 ms, found 3 plugins.
Preloading 0 native plugins for Editor in 0.00 ms.
Mono: successfully reloaded assembly
- Completed reload, in  1.598 seconds
Domain Reload Profiling:
	ReloadAssembly (1599ms)
		BeginReloadAssembly (147ms)
			ExecutionOrderSort (0ms)
			DisableScriptedObjects (7ms)
			BackupInstance (0ms)
			ReleaseScriptingObjects (0ms)
			CreateAndSetChildDomain (43ms)
		EndReloadAssembly (1367ms)
			LoadAssemblies (120ms)
			RebuildTransferFunctionScriptingTraits (0ms)
			SetupTypeCache (455ms)
			ReleaseScriptCaches (2ms)
			RebuildScriptCaches (55ms)
			SetupLoadedEditorAssemblies (406ms)
				LogAssemblyErrors (0ms)
				InitializePlatformSupportModulesInManaged (4ms)
				SetLoadedEditorAssemblies (1ms)
				RefreshPlugins (1ms)
				BeforeProcessingInitializeOnLoad (138ms)
				ProcessInitializeOnLoadAttributes (241ms)
				ProcessInitializeOnLoadMethodAttributes (10ms)
				AfterProcessingInitializeOnLoad (10ms)
				EditorAssembliesLoaded (0ms)
			ExecutionOrderSort2 (0ms)
			AwakeInstancesAfterBackupRestoration (77ms)
Platform modules already initialized, skipping
Switching build target platform(19) subTarget(0) extendedPlatform(0) -> platform(13) subTarget(537460736) extendedPlatform(0)
Refreshing native plugins compatible for Editor in 1.46 ms, found 3 plugins.
Preloading 0 native plugins for Editor in 0.00 ms.
Unloading 4541 Unused Serialized files (Serialized files now loaded: 0)
System memory in use before: 197.3 MB.
System memory in use after: 197.6 MB.

Unloading 23 unused Assets to reduce memory usage. Loaded Objects now: 5368.
Total: 4.967600 ms (FindLiveObjects: 0.580700 ms CreateObjectMapping: 0.290600 ms MarkObjects: 4.066800 ms  DeleteObjects: 0.028200 ms)

AssetImportParameters requested are different than current active one (requested -> active):
  custom:framework-win-MediaFoundation: 216162199b28c13a410421893ffa2e32 -> 
  custom:video-decoder-ogg-theora: a1e56fd34408186e4bbccfd4996cb3dc -> 
  custom:container-muxer-webm: aa71ff27fc2769a1b78a27578f13a17b -> 
  custom:container-demuxer-webm: 4f35f7cbe854078d1ac9338744f61a02 -> 
  custom:container-demuxer-ogg: 62fdf1f143b41e24485cea50d1cbac27 -> 
  custom:video-encoder-webm-vp8: eb34c28f22e8b96e1ab97ce403110664 -> 
  custom:video-decoder-webm-vp8: 9c59270c3fd7afecdb556c50c9e8de78 -> 
  custom:graphics/normal-map-encoding: 01000000000000000000000000000000 -> 02000000000000000000000000000000
  custom:audio-decoder-ogg-vorbis: bf7c407c2cedff20999df2af8eb42d56 -> 
  custom:audio-encoder-webm-vorbis: bf7c407c2cedff20999df2af8eb42d56 -> 
========================================================================
Received Import Request.
  Time since last request: 355.107642 seconds.
  path: Assets/Materials/Environments/Road/Bak 1.mat
  artifactKey: Guid(ba7022bcb8e75654585cc938a74577df) Importer(815301076,1909f56bfc062723c751e8b465ee728b)
Start importing Assets/Materials/Environments/Road/Bak 1.mat using Guid(ba7022bcb8e75654585cc938a74577df) Importer(815301076,1909f56bfc062723c751e8b465ee728b)  -> (artifact id: 'ab854b8730b8b6f9bb734e1b2e5370b1') in 0.188235 seconds 
  Import took 0.198241 seconds .

========================================================================
Received Import Request.
  Time since last request: 56.941969 seconds.
  path: Assets/Audio.mixer
  artifactKey: Guid(d20f9124dae3b784a8c3cd4394cf828f) Importer(815301076,1909f56bfc062723c751e8b465ee728b)
Start importing Assets/Audio.mixer using Guid(d20f9124dae3b784a8c3cd4394cf828f) Importer(815301076,1909f56bfc062723c751e8b465ee728b)  -> (artifact id: 'ce4dadb8d25b5e3cd9189653c88fb546') in 0.044486 seconds 
  Import took 0.051880 seconds .

========================================================================
Received Import Request.
  Time since last request: 146.677268 seconds.
  path: Assets/Prefabs/Environment/Misc/BinSliced.prefab
  artifactKey: Guid(6d6e8ea4285c8594ea82ff3508b311b8) Importer(815301076,1909f56bfc062723c751e8b465ee728b)
Start importing Assets/Prefabs/Environment/Misc/BinSliced.prefab using Guid(6d6e8ea4285c8594ea82ff3508b311b8) Importer(815301076,1909f56bfc062723c751e8b465ee728b)  -> (artifact id: 'e665610d6ff766474f685a2a84d77c96') in 0.051725 seconds 
  Import took 0.085802 seconds .

========================================================================
Received Prepare
Registering precompiled user dll's ...
Registered in 0.013577 seconds.
Begin MonoManager ReloadAssembly
Symbol file LoadedFromMemory doesn't match image D:\Git\SupaDupaMan\Library\PackageCache\com.unity.visualscripting@1.6.1\Editor\VisualScripting.Core\Dependencies\YamlDotNet\Unity.VisualScripting.YamlDotNet.dll
Symbol file LoadedFromMemory doesn't match image D:\Git\SupaDupaMan\Library\PackageCache\com.unity.visualscripting@1.6.1\Editor\VisualScripting.Core\Dependencies\DotNetZip\Unity.VisualScripting.IonicZip.dll
Native extension for WindowsStandalone target not found
Refreshing native plugins compatible for Editor in 1.55 ms, found 3 plugins.
Preloading 0 native plugins for Editor in 0.00 ms.
Mono: successfully reloaded assembly
- Completed reload, in  1.588 seconds
Domain Reload Profiling:
	ReloadAssembly (1588ms)
		BeginReloadAssembly (153ms)
			ExecutionOrderSort (0ms)
			DisableScriptedObjects (8ms)
			BackupInstance (0ms)
			ReleaseScriptingObjects (0ms)
			CreateAndSetChildDomain (46ms)
		EndReloadAssembly (1352ms)
			LoadAssemblies (122ms)
			RebuildTransferFunctionScriptingTraits (0ms)
			SetupTypeCache (441ms)
			ReleaseScriptCaches (2ms)
			RebuildScriptCaches (53ms)
			SetupLoadedEditorAssemblies (408ms)
				LogAssemblyErrors (0ms)
				InitializePlatformSupportModulesInManaged (4ms)
				SetLoadedEditorAssemblies (1ms)
				RefreshPlugins (2ms)
				BeforeProcessingInitializeOnLoad (130ms)
				ProcessInitializeOnLoadAttributes (249ms)
				ProcessInitializeOnLoadMethodAttributes (11ms)
				AfterProcessingInitializeOnLoad (11ms)
				EditorAssembliesLoaded (0ms)
			ExecutionOrderSort2 (0ms)
			AwakeInstancesAfterBackupRestoration (83ms)
Platform modules already initialized, skipping
Switching build target platform(19) subTarget(0) extendedPlatform(0) -> platform(13) subTarget(537460736) extendedPlatform(0)
Refreshing native plugins compatible for Editor in 1.36 ms, found 3 plugins.
Preloading 0 native plugins for Editor in 0.00 ms.
Unloading 4541 Unused Serialized files (Serialized files now loaded: 0)
System memory in use before: 197.7 MB.
System memory in use after: 197.9 MB.

Unloading 23 unused Assets to reduce memory usage. Loaded Objects now: 5413.
Total: 5.024100 ms (FindLiveObjects: 0.517200 ms CreateObjectMapping: 0.131500 ms MarkObjects: 4.343800 ms  DeleteObjects: 0.030400 ms)

AssetImportParameters requested are different than current active one (requested -> active):
  custom:framework-win-MediaFoundation: 216162199b28c13a410421893ffa2e32 -> 
  custom:video-decoder-ogg-theora: a1e56fd34408186e4bbccfd4996cb3dc -> 
  custom:container-muxer-webm: aa71ff27fc2769a1b78a27578f13a17b -> 
  custom:container-demuxer-webm: 4f35f7cbe854078d1ac9338744f61a02 -> 
  custom:container-demuxer-ogg: 62fdf1f143b41e24485cea50d1cbac27 -> 
  custom:video-encoder-webm-vp8: eb34c28f22e8b96e1ab97ce403110664 -> 
  custom:video-decoder-webm-vp8: 9c59270c3fd7afecdb556c50c9e8de78 -> 
  custom:graphics/normal-map-encoding: 01000000000000000000000000000000 -> 02000000000000000000000000000000
  custom:audio-decoder-ogg-vorbis: bf7c407c2cedff20999df2af8eb42d56 -> 
  custom:audio-encoder-webm-vorbis: bf7c407c2cedff20999df2af8eb42d56 -> 
========================================================================
Received Prepare
Refreshing native plugins compatible for Editor in 7.76 ms, found 3 plugins.
Preloading 0 native plugins for Editor in 0.00 ms.
Unloading 21 Unused Serialized files (Serialized files now loaded: 0)
System memory in use before: 108.6 MB.
System memory in use after: 108.8 MB.

Unloading 21 unused Assets to reduce memory usage. Loaded Objects now: 5413.
Total: 4.944100 ms (FindLiveObjects: 0.525400 ms CreateObjectMapping: 0.135200 ms MarkObjects: 4.256000 ms  DeleteObjects: 0.026200 ms)

AssetImportParameters requested are different than current active one (requested -> active):
  custom:framework-win-MediaFoundation: 216162199b28c13a410421893ffa2e32 -> 
  custom:video-decoder-ogg-theora: a1e56fd34408186e4bbccfd4996cb3dc -> 
  custom:container-muxer-webm: aa71ff27fc2769a1b78a27578f13a17b -> 
  custom:container-demuxer-webm: 4f35f7cbe854078d1ac9338744f61a02 -> 
  custom:container-demuxer-ogg: 62fdf1f143b41e24485cea50d1cbac27 -> 
  custom:video-encoder-webm-vp8: eb34c28f22e8b96e1ab97ce403110664 -> 
  custom:video-decoder-webm-vp8: 9c59270c3fd7afecdb556c50c9e8de78 -> 
  custom:audio-decoder-ogg-vorbis: bf7c407c2cedff20999df2af8eb42d56 -> 
  custom:audio-encoder-webm-vorbis: bf7c407c2cedff20999df2af8eb42d56 -> 
