Using pre-set license
Built from '2020.3/staging' branch; Version is '2020.3.22f1 (e1a7f79fd887) revision 14788599'; Using compiler version '192528614'; Build Type 'Release'
OS: 'Windows 10 Home; OS build 19043.1348; Version 2009; 64bit' Language: 'ru' Physical Memory: 8039 MB
BatchMode: 1, IsHumanControllingUs: 0, StartBugReporterOnCrash: 0, Is64bit: 1, IsPro: 0

COMMAND LINE ARGUMENTS:
D:\Unity\2020.3.22f1\Editor\Unity.exe
-adb2
-batchMode
-noUpm
-name
AssetImportWorker5
-projectPath
D:/GitHub/SupaDupaMan
-logFile
Logs/AssetImportWorker5.log
-srvPort
58257
Successfully changed project path to: D:/GitHub/SupaDupaMan
D:/GitHub/SupaDupaMan
Using Asset Import Pipeline V2.
Refreshing native plugins compatible for Editor in 257.50 ms, found 6 plugins.
Preloading 0 native plugins for Editor in 0.00 ms.
Initialize engine version: 2020.3.22f1 (e1a7f79fd887)
[Subsystems] Discovering subsystems at path D:/Unity/2020.3.22f1/Editor/Data/Resources/UnitySubsystems
[Subsystems] Discovering subsystems at path D:/GitHub/SupaDupaMan/Assets
GfxDevice: creating device client; threaded=0
Direct3D:
    Version:  Direct3D 11.0 [level 11.1]
    Renderer: NVIDIA GeForce GTX 1050 (ID=0x1c8d)
    Vendor:   
    VRAM:     4021 MB
    Driver:   27.21.14.6089
Initialize mono
Mono path[0] = 'D:/Unity/2020.3.22f1/Editor/Data/Managed'
Mono path[1] = 'D:/Unity/2020.3.22f1/Editor/Data/MonoBleedingEdge/lib/mono/unityjit'
Mono config path = 'D:/Unity/2020.3.22f1/Editor/Data/MonoBleedingEdge/etc'
Using monoOptions --debugger-agent=transport=dt_socket,embedding=1,server=y,suspend=n,address=127.0.0.1:56340
Begin MonoManager ReloadAssembly
Registering precompiled unity dll's ...
Register platform support module: D:/Unity/2020.3.22f1/Editor/Data/PlaybackEngines/WindowsStandaloneSupport/UnityEditor.WindowsStandalone.Extensions.dll
Registered in 0.000978 seconds.
Native extension for WindowsStandalone target not found
Refreshing native plugins compatible for Editor in 233.46 ms, found 6 plugins.
Preloading 0 native plugins for Editor in 0.00 ms.
Mono: successfully reloaded assembly
- Completed reload, in  2.195 seconds
Domain Reload Profiling:
	ReloadAssembly (2195ms)
		BeginReloadAssembly (71ms)
			ExecutionOrderSort (0ms)
			DisableScriptedObjects (0ms)
			BackupInstance (0ms)
			ReleaseScriptingObjects (0ms)
			CreateAndSetChildDomain (1ms)
		EndReloadAssembly (835ms)
			LoadAssemblies (70ms)
			RebuildTransferFunctionScriptingTraits (0ms)
			SetupTypeCache (224ms)
			ReleaseScriptCaches (0ms)
			RebuildScriptCaches (43ms)
			SetupLoadedEditorAssemblies (426ms)
				LogAssemblyErrors (0ms)
				InitializePlatformSupportModulesInManaged (8ms)
				SetLoadedEditorAssemblies (0ms)
				RefreshPlugins (234ms)
				BeforeProcessingInitializeOnLoad (22ms)
				ProcessInitializeOnLoadAttributes (117ms)
				ProcessInitializeOnLoadMethodAttributes (44ms)
				AfterProcessingInitializeOnLoad (0ms)
				EditorAssembliesLoaded (0ms)
			ExecutionOrderSort2 (0ms)
			AwakeInstancesAfterBackupRestoration (0ms)
Platform modules already initialized, skipping
Registering precompiled user dll's ...
Registered in 0.015173 seconds.
Begin MonoManager ReloadAssembly
Symbol file LoadedFromMemory doesn't match image D:\GitHub\SupaDupaMan\Library\PackageCache\com.unity.visualscripting@1.6.1\Editor\VisualScripting.Core\Dependencies\DotNetZip\Unity.VisualScripting.IonicZip.dll
Symbol file LoadedFromMemory doesn't match image D:\GitHub\SupaDupaMan\Library\PackageCache\com.unity.visualscripting@1.6.1\Editor\VisualScripting.Core\Dependencies\YamlDotNet\Unity.VisualScripting.YamlDotNet.dll
Native extension for WindowsStandalone target not found
Refreshing native plugins compatible for Editor in 231.57 ms, found 6 plugins.
Preloading 0 native plugins for Editor in 0.00 ms.
Mono: successfully reloaded assembly
- Completed reload, in  5.032 seconds
Domain Reload Profiling:
	ReloadAssembly (5052ms)
		BeginReloadAssembly (224ms)
			ExecutionOrderSort (0ms)
			DisableScriptedObjects (7ms)
			BackupInstance (0ms)
			ReleaseScriptingObjects (0ms)
			CreateAndSetChildDomain (31ms)
		EndReloadAssembly (4744ms)
			LoadAssemblies (2706ms)
			RebuildTransferFunctionScriptingTraits (0ms)
			SetupTypeCache (636ms)
			ReleaseScriptCaches (2ms)
			RebuildScriptCaches (115ms)
			SetupLoadedEditorAssemblies (864ms)
				LogAssemblyErrors (0ms)
				InitializePlatformSupportModulesInManaged (4ms)
				SetLoadedEditorAssemblies (0ms)
				RefreshPlugins (232ms)
				BeforeProcessingInitializeOnLoad (162ms)
				ProcessInitializeOnLoadAttributes (362ms)
				ProcessInitializeOnLoadMethodAttributes (100ms)
				AfterProcessingInitializeOnLoad (4ms)
				EditorAssembliesLoaded (0ms)
			ExecutionOrderSort2 (0ms)
			AwakeInstancesAfterBackupRestoration (9ms)
Platform modules already initialized, skipping
========================================================================
Worker process is ready to serve import requests
Launched and connected shader compiler UnityShaderCompiler.exe after 0.43 seconds
Refreshing native plugins compatible for Editor in 3.86 ms, found 6 plugins.
Preloading 0 native plugins for Editor in 0.00 ms.
Unloading 5043 Unused Serialized files (Serialized files now loaded: 0)
System memory in use before: 202.8 MB.
System memory in use after: 203.2 MB.

Unloading 113 unused Assets to reduce memory usage. Loaded Objects now: 5457.
Total: 6.634300 ms (FindLiveObjects: 0.690000 ms CreateObjectMapping: 0.568300 ms MarkObjects: 5.170800 ms  DeleteObjects: 0.202700 ms)

AssetImportParameters requested are different than current active one (requested -> active):
  custom:framework-win-MediaFoundation: 216162199b28c13a410421893ffa2e32 -> 
  custom:video-decoder-ogg-theora: a1e56fd34408186e4bbccfd4996cb3dc -> 
  custom:container-muxer-webm: aa71ff27fc2769a1b78a27578f13a17b -> 
  custom:container-demuxer-webm: 4f35f7cbe854078d1ac9338744f61a02 -> 
  custom:container-demuxer-ogg: 62fdf1f143b41e24485cea50d1cbac27 -> 
  custom:video-encoder-webm-vp8: eb34c28f22e8b96e1ab97ce403110664 -> 
  custom:video-decoder-webm-vp8: 9c59270c3fd7afecdb556c50c9e8de78 -> 
  custom:audio-decoder-ogg-vorbis: bf7c407c2cedff20999df2af8eb42d56 -> 
  custom:audio-encoder-webm-vorbis: bf7c407c2cedff20999df2af8eb42d56 -> 
========================================================================
Received Import Request.
  path: Assets/Scenes/WebbyBoy_Type/LVL9_WB.unity
  artifactKey: Guid(eff87ccc8c255e4478bb36fc9479b65b) Importer(815301076,1909f56bfc062723c751e8b465ee728b)
Start importing Assets/Scenes/WebbyBoy_Type/LVL9_WB.unity using Guid(eff87ccc8c255e4478bb36fc9479b65b) Importer(815301076,1909f56bfc062723c751e8b465ee728b)  -> (artifact id: 'c62789b0aa5d42bade1ba3abea9f583e') in 0.126419 seconds 
  Import took 0.194404 seconds .

========================================================================
Received Import Request.
  Time since last request: 49.690428 seconds.
  path: Assets/AssetStorePacks/Crane/Dirt bl.jpg
  artifactKey: Guid(5bf01f0409075224db830c134e6257ab) Importer(815301076,1909f56bfc062723c751e8b465ee728b)
Start importing Assets/AssetStorePacks/Crane/Dirt bl.jpg using Guid(5bf01f0409075224db830c134e6257ab) Importer(815301076,1909f56bfc062723c751e8b465ee728b)  -> (artifact id: '857a72eb0bb60767b9538131629d6631') in 0.484684 seconds 
  Import took 0.647679 seconds .

========================================================================
Received Import Request.
  Time since last request: 39.377876 seconds.
  path: Assets/AssetStorePacks/Crane/Crane N230817.3DS
  artifactKey: Guid(19d6b18429ac80b489b19866957902ad) Importer(815301076,1909f56bfc062723c751e8b465ee728b)
Start importing Assets/AssetStorePacks/Crane/Crane N230817.3DS using Guid(19d6b18429ac80b489b19866957902ad) Importer(815301076,1909f56bfc062723c751e8b465ee728b)  -> (artifact id: 'f1f92da24a37a03b2104adf6cf707d1e') in 0.687313 seconds 
  Import took 0.746703 seconds .

========================================================================
Received Import Request.
  Time since last request: 0.000466 seconds.
  path: Assets/AssetStorePacks/Crane/Crane N230817.obj
  artifactKey: Guid(1374006d61f500747becebb49a271a14) Importer(815301076,1909f56bfc062723c751e8b465ee728b)
Start importing Assets/AssetStorePacks/Crane/Crane N230817.obj using Guid(1374006d61f500747becebb49a271a14) Importer(815301076,1909f56bfc062723c751e8b465ee728b)  -> (artifact id: '54d4d94884e1ffbe5e5b2d4931db99eb') in 0.565868 seconds 
  Import took 0.632090 seconds .

========================================================================
Received Import Request.
  Time since last request: 0.000526 seconds.
  path: Assets/AssetStorePacks/Crane/red.mat
  artifactKey: Guid(5a7c30589f9ae6e4cb6e43527a6f53bc) Importer(815301076,1909f56bfc062723c751e8b465ee728b)
Start importing Assets/AssetStorePacks/Crane/red.mat using Guid(5a7c30589f9ae6e4cb6e43527a6f53bc) Importer(815301076,1909f56bfc062723c751e8b465ee728b)  -> (artifact id: '921eb372266448ba396d31d9dbdbd49e') in 0.019119 seconds 
  Import took 0.067391 seconds .

========================================================================
Received Import Request.
  Time since last request: 0.000623 seconds.
  path: Assets/AssetStorePacks/Crane/yellow.mat
  artifactKey: Guid(fe3374f97351b97418ec57ae102c0f79) Importer(815301076,1909f56bfc062723c751e8b465ee728b)
Start importing Assets/AssetStorePacks/Crane/yellow.mat using Guid(fe3374f97351b97418ec57ae102c0f79) Importer(815301076,1909f56bfc062723c751e8b465ee728b)  -> (artifact id: '897b6307810b8a8bc1df95b3da623f9e') in 0.016058 seconds 
  Import took 0.067183 seconds .

========================================================================
Received Import Request.
  Time since last request: 0.000215 seconds.
  path: Assets/AssetStorePacks/Crane/Crane.mat
  artifactKey: Guid(f961485a28fdb264cbc461db509dde7e) Importer(815301076,1909f56bfc062723c751e8b465ee728b)
Start importing Assets/AssetStorePacks/Crane/Crane.mat using Guid(f961485a28fdb264cbc461db509dde7e) Importer(815301076,1909f56bfc062723c751e8b465ee728b)  -> (artifact id: '55c3df19742d8609e2c5e94b902b553d') in 0.031658 seconds 
  Import took 0.068760 seconds .

========================================================================
Received Import Request.
  Time since last request: 0.000789 seconds.
  path: Assets/AssetStorePacks/Crane/Mat win.mat
  artifactKey: Guid(744299ecf9659cf4aa74204deee0bcf2) Importer(815301076,1909f56bfc062723c751e8b465ee728b)
Start importing Assets/AssetStorePacks/Crane/Mat win.mat using Guid(744299ecf9659cf4aa74204deee0bcf2) Importer(815301076,1909f56bfc062723c751e8b465ee728b)  -> (artifact id: '67950e9ab4f5413b8506d4d81f8bbf7a') in 0.019339 seconds 
  Import took 0.051316 seconds .

========================================================================
Received Import Request.
  Time since last request: 0.000239 seconds.
  path: Assets/AssetStorePacks/Crane/Crane N230817.prefab
  artifactKey: Guid(961b19c31247a944a8b48f21aecd1ee4) Importer(815301076,1909f56bfc062723c751e8b465ee728b)
Start importing Assets/AssetStorePacks/Crane/Crane N230817.prefab using Guid(961b19c31247a944a8b48f21aecd1ee4) Importer(815301076,1909f56bfc062723c751e8b465ee728b)  -> (artifact id: '94905a46070c336d1f14165ac4a9962c') in 0.025022 seconds 
  Import took 0.036438 seconds .

========================================================================
Received Import Request.
  Time since last request: 0.000494 seconds.
  path: Assets/AssetStorePacks/Crane/fullORAN.jpg
  artifactKey: Guid(7e670ddad237e6c4ab9a7f9cb55233f2) Importer(815301076,1909f56bfc062723c751e8b465ee728b)
Start importing Assets/AssetStorePacks/Crane/fullORAN.jpg using Guid(7e670ddad237e6c4ab9a7f9cb55233f2) Importer(815301076,1909f56bfc062723c751e8b465ee728b)  -> (artifact id: 'bf03ca1e01120dbf813ec8be0530ea61') in 0.017010 seconds 
  Import took 0.083183 seconds .

========================================================================
Received Prepare
Registering precompiled user dll's ...
Registered in 0.009724 seconds.
Begin MonoManager ReloadAssembly
Symbol file LoadedFromMemory doesn't match image D:\GitHub\SupaDupaMan\Library\PackageCache\com.unity.visualscripting@1.6.1\Editor\VisualScripting.Core\Dependencies\DotNetZip\Unity.VisualScripting.IonicZip.dll
Symbol file LoadedFromMemory doesn't match image D:\GitHub\SupaDupaMan\Library\PackageCache\com.unity.visualscripting@1.6.1\Editor\VisualScripting.Core\Dependencies\YamlDotNet\Unity.VisualScripting.YamlDotNet.dll
Native extension for WindowsStandalone target not found
Refreshing native plugins compatible for Editor in 2.70 ms, found 6 plugins.
Preloading 0 native plugins for Editor in 0.00 ms.
Mono: successfully reloaded assembly
- Completed reload, in  1.936 seconds
Domain Reload Profiling:
	ReloadAssembly (1936ms)
		BeginReloadAssembly (145ms)
			ExecutionOrderSort (0ms)
			DisableScriptedObjects (6ms)
			BackupInstance (0ms)
			ReleaseScriptingObjects (0ms)
			CreateAndSetChildDomain (45ms)
		EndReloadAssembly (1729ms)
			LoadAssemblies (121ms)
			RebuildTransferFunctionScriptingTraits (0ms)
			SetupTypeCache (602ms)
			ReleaseScriptCaches (3ms)
			RebuildScriptCaches (73ms)
			SetupLoadedEditorAssemblies (645ms)
				LogAssemblyErrors (0ms)
				InitializePlatformSupportModulesInManaged (6ms)
				SetLoadedEditorAssemblies (1ms)
				RefreshPlugins (3ms)
				BeforeProcessingInitializeOnLoad (128ms)
				ProcessInitializeOnLoadAttributes (493ms)
				ProcessInitializeOnLoadMethodAttributes (12ms)
				AfterProcessingInitializeOnLoad (3ms)
				EditorAssembliesLoaded (0ms)
			ExecutionOrderSort2 (0ms)
			AwakeInstancesAfterBackupRestoration (95ms)
Platform modules already initialized, skipping
Refreshing native plugins compatible for Editor in 2.70 ms, found 6 plugins.
Preloading 0 native plugins for Editor in 0.00 ms.
Unloading 4861 Unused Serialized files (Serialized files now loaded: 0)
System memory in use before: 195.4 MB.
System memory in use after: 195.8 MB.

Unloading 108 unused Assets to reduce memory usage. Loaded Objects now: 5549.
Total: 7.454600 ms (FindLiveObjects: 1.495800 ms CreateObjectMapping: 0.770100 ms MarkObjects: 5.114800 ms  DeleteObjects: 0.071100 ms)

AssetImportParameters requested are different than current active one (requested -> active):
  custom:framework-win-MediaFoundation: 216162199b28c13a410421893ffa2e32 -> 
  custom:video-decoder-ogg-theora: a1e56fd34408186e4bbccfd4996cb3dc -> 
  custom:container-muxer-webm: aa71ff27fc2769a1b78a27578f13a17b -> 
  custom:container-demuxer-webm: 4f35f7cbe854078d1ac9338744f61a02 -> 
  custom:container-demuxer-ogg: 62fdf1f143b41e24485cea50d1cbac27 -> 
  custom:video-encoder-webm-vp8: eb34c28f22e8b96e1ab97ce403110664 -> 
  custom:video-decoder-webm-vp8: 9c59270c3fd7afecdb556c50c9e8de78 -> 
  custom:audio-decoder-ogg-vorbis: bf7c407c2cedff20999df2af8eb42d56 -> 
  custom:audio-encoder-webm-vorbis: bf7c407c2cedff20999df2af8eb42d56 -> 
========================================================================
Received Import Request.
  Time since last request: 87.869313 seconds.
  path: Assets/AssetStorePacks/Crane/Plastic.mat
  artifactKey: Guid(fbbdb8907cd9493458525c832ec79dea) Importer(815301076,1909f56bfc062723c751e8b465ee728b)
Start importing Assets/AssetStorePacks/Crane/Plastic.mat using Guid(fbbdb8907cd9493458525c832ec79dea) Importer(815301076,1909f56bfc062723c751e8b465ee728b)  -> (artifact id: '0a9ca301dabcc9b539ba94131099e471') in 0.149664 seconds 
  Import took 0.209122 seconds .

========================================================================
Received Prepare
Registering precompiled user dll's ...
Registered in 0.009828 seconds.
Begin MonoManager ReloadAssembly
Symbol file LoadedFromMemory doesn't match image D:\GitHub\SupaDupaMan\Library\PackageCache\com.unity.visualscripting@1.6.1\Editor\VisualScripting.Core\Dependencies\DotNetZip\Unity.VisualScripting.IonicZip.dll
Symbol file LoadedFromMemory doesn't match image D:\GitHub\SupaDupaMan\Library\PackageCache\com.unity.visualscripting@1.6.1\Editor\VisualScripting.Core\Dependencies\YamlDotNet\Unity.VisualScripting.YamlDotNet.dll
Native extension for WindowsStandalone target not found
Refreshing native plugins compatible for Editor in 1.84 ms, found 6 plugins.
Preloading 0 native plugins for Editor in 0.00 ms.
Mono: successfully reloaded assembly
- Completed reload, in  1.320 seconds
Domain Reload Profiling:
	ReloadAssembly (1321ms)
		BeginReloadAssembly (117ms)
			ExecutionOrderSort (0ms)
			DisableScriptedObjects (6ms)
			BackupInstance (0ms)
			ReleaseScriptingObjects (0ms)
			CreateAndSetChildDomain (40ms)
		EndReloadAssembly (1152ms)
			LoadAssemblies (99ms)
			RebuildTransferFunctionScriptingTraits (0ms)
			SetupTypeCache (363ms)
			ReleaseScriptCaches (2ms)
			RebuildScriptCaches (46ms)
			SetupLoadedEditorAssemblies (464ms)
				LogAssemblyErrors (0ms)
				InitializePlatformSupportModulesInManaged (3ms)
				SetLoadedEditorAssemblies (0ms)
				RefreshPlugins (2ms)
				BeforeProcessingInitializeOnLoad (94ms)
				ProcessInitializeOnLoadAttributes (354ms)
				ProcessInitializeOnLoadMethodAttributes (7ms)
				AfterProcessingInitializeOnLoad (2ms)
				EditorAssembliesLoaded (0ms)
			ExecutionOrderSort2 (0ms)
			AwakeInstancesAfterBackupRestoration (58ms)
Platform modules already initialized, skipping
Refreshing native plugins compatible for Editor in 1.85 ms, found 6 plugins.
Preloading 0 native plugins for Editor in 0.00 ms.
Unloading 4861 Unused Serialized files (Serialized files now loaded: 0)
System memory in use before: 195.6 MB.
System memory in use after: 196.1 MB.

Unloading 108 unused Assets to reduce memory usage. Loaded Objects now: 5593.
Total: 4.275000 ms (FindLiveObjects: 0.515300 ms CreateObjectMapping: 0.248300 ms MarkObjects: 3.468600 ms  DeleteObjects: 0.041900 ms)

AssetImportParameters requested are different than current active one (requested -> active):
  custom:framework-win-MediaFoundation: 216162199b28c13a410421893ffa2e32 -> 
  custom:video-decoder-ogg-theora: a1e56fd34408186e4bbccfd4996cb3dc -> 
  custom:container-muxer-webm: aa71ff27fc2769a1b78a27578f13a17b -> 
  custom:container-demuxer-webm: 4f35f7cbe854078d1ac9338744f61a02 -> 
  custom:container-demuxer-ogg: 62fdf1f143b41e24485cea50d1cbac27 -> 
  custom:video-encoder-webm-vp8: eb34c28f22e8b96e1ab97ce403110664 -> 
  custom:video-decoder-webm-vp8: 9c59270c3fd7afecdb556c50c9e8de78 -> 
  custom:audio-decoder-ogg-vorbis: bf7c407c2cedff20999df2af8eb42d56 -> 
  custom:audio-encoder-webm-vorbis: bf7c407c2cedff20999df2af8eb42d56 -> 
========================================================================
Received Prepare
Registering precompiled user dll's ...
Registered in 0.012300 seconds.
Begin MonoManager ReloadAssembly
Symbol file LoadedFromMemory doesn't match image D:\GitHub\SupaDupaMan\Library\PackageCache\com.unity.visualscripting@1.6.1\Editor\VisualScripting.Core\Dependencies\DotNetZip\Unity.VisualScripting.IonicZip.dll
Symbol file LoadedFromMemory doesn't match image D:\GitHub\SupaDupaMan\Library\PackageCache\com.unity.visualscripting@1.6.1\Editor\VisualScripting.Core\Dependencies\YamlDotNet\Unity.VisualScripting.YamlDotNet.dll
Native extension for WindowsStandalone target not found
Refreshing native plugins compatible for Editor in 1.83 ms, found 6 plugins.
Preloading 0 native plugins for Editor in 0.00 ms.
Mono: successfully reloaded assembly
- Completed reload, in  1.292 seconds
Domain Reload Profiling:
	ReloadAssembly (1293ms)
		BeginReloadAssembly (106ms)
			ExecutionOrderSort (0ms)
			DisableScriptedObjects (4ms)
			BackupInstance (0ms)
			ReleaseScriptingObjects (0ms)
			CreateAndSetChildDomain (38ms)
		EndReloadAssembly (1136ms)
			LoadAssemblies (93ms)
			RebuildTransferFunctionScriptingTraits (0ms)
			SetupTypeCache (370ms)
			ReleaseScriptCaches (2ms)
			RebuildScriptCaches (46ms)
			SetupLoadedEditorAssemblies (440ms)
				LogAssemblyErrors (0ms)
				InitializePlatformSupportModulesInManaged (3ms)
				SetLoadedEditorAssemblies (0ms)
				RefreshPlugins (2ms)
				BeforeProcessingInitializeOnLoad (87ms)
				ProcessInitializeOnLoadAttributes (338ms)
				ProcessInitializeOnLoadMethodAttributes (7ms)
				AfterProcessingInitializeOnLoad (2ms)
				EditorAssembliesLoaded (0ms)
			ExecutionOrderSort2 (0ms)
			AwakeInstancesAfterBackupRestoration (57ms)
Platform modules already initialized, skipping
Refreshing native plugins compatible for Editor in 2.05 ms, found 6 plugins.
Preloading 0 native plugins for Editor in 0.00 ms.
Unloading 4861 Unused Serialized files (Serialized files now loaded: 0)
System memory in use before: 195.7 MB.
System memory in use after: 196.1 MB.

Unloading 108 unused Assets to reduce memory usage. Loaded Objects now: 5599.
Total: 4.308900 ms (FindLiveObjects: 0.488400 ms CreateObjectMapping: 0.296200 ms MarkObjects: 3.475600 ms  DeleteObjects: 0.047600 ms)

AssetImportParameters requested are different than current active one (requested -> active):
  custom:framework-win-MediaFoundation: 216162199b28c13a410421893ffa2e32 -> 
  custom:video-decoder-ogg-theora: a1e56fd34408186e4bbccfd4996cb3dc -> 
  custom:container-muxer-webm: aa71ff27fc2769a1b78a27578f13a17b -> 
  custom:container-demuxer-webm: 4f35f7cbe854078d1ac9338744f61a02 -> 
  custom:container-demuxer-ogg: 62fdf1f143b41e24485cea50d1cbac27 -> 
  custom:video-encoder-webm-vp8: eb34c28f22e8b96e1ab97ce403110664 -> 
  custom:video-decoder-webm-vp8: 9c59270c3fd7afecdb556c50c9e8de78 -> 
  custom:audio-decoder-ogg-vorbis: bf7c407c2cedff20999df2af8eb42d56 -> 
  custom:audio-encoder-webm-vorbis: bf7c407c2cedff20999df2af8eb42d56 -> 
========================================================================
Received Import Request.
  Time since last request: 202.862012 seconds.
  path: Assets/Scenes/WebbyBoy_Type/LVL9_WB.unity
  artifactKey: Guid(eff87ccc8c255e4478bb36fc9479b65b) Importer(815301076,1909f56bfc062723c751e8b465ee728b)
Start importing Assets/Scenes/WebbyBoy_Type/LVL9_WB.unity using Guid(eff87ccc8c255e4478bb36fc9479b65b) Importer(815301076,1909f56bfc062723c751e8b465ee728b)  -> (artifact id: 'c8ec93319526e50cffdbd5be1596e339') in 0.064685 seconds 
  Import took 0.087919 seconds .

========================================================================
Received Import Request.
  Time since last request: 63.261440 seconds.
  path: Assets/Scenes/WebbyBoy_Type/LVL7_WB.unity
  artifactKey: Guid(6a88b7b7459998349b55c871fc138916) Importer(815301076,1909f56bfc062723c751e8b465ee728b)
Start importing Assets/Scenes/WebbyBoy_Type/LVL7_WB.unity using Guid(6a88b7b7459998349b55c871fc138916) Importer(815301076,1909f56bfc062723c751e8b465ee728b)  -> (artifact id: '20da853861cce1ce44b7a9215d011485') in 0.030618 seconds 
  Import took 0.066116 seconds .

========================================================================
Received Prepare
Registering precompiled user dll's ...
Registered in 0.009726 seconds.
Begin MonoManager ReloadAssembly
Symbol file LoadedFromMemory doesn't match image D:\GitHub\SupaDupaMan\Library\PackageCache\com.unity.visualscripting@1.6.1\Editor\VisualScripting.Core\Dependencies\DotNetZip\Unity.VisualScripting.IonicZip.dll
Symbol file LoadedFromMemory doesn't match image D:\GitHub\SupaDupaMan\Library\PackageCache\com.unity.visualscripting@1.6.1\Editor\VisualScripting.Core\Dependencies\YamlDotNet\Unity.VisualScripting.YamlDotNet.dll
Native extension for WindowsStandalone target not found
Refreshing native plugins compatible for Editor in 2.14 ms, found 6 plugins.
Preloading 0 native plugins for Editor in 0.00 ms.
Mono: successfully reloaded assembly
- Completed reload, in  1.335 seconds
Domain Reload Profiling:
	ReloadAssembly (1335ms)
		BeginReloadAssembly (106ms)
			ExecutionOrderSort (0ms)
			DisableScriptedObjects (4ms)
			BackupInstance (0ms)
			ReleaseScriptingObjects (0ms)
			CreateAndSetChildDomain (38ms)
		EndReloadAssembly (1177ms)
			LoadAssemblies (93ms)
			RebuildTransferFunctionScriptingTraits (0ms)
			SetupTypeCache (369ms)
			ReleaseScriptCaches (2ms)
			RebuildScriptCaches (45ms)
			SetupLoadedEditorAssemblies (487ms)
				LogAssemblyErrors (0ms)
				InitializePlatformSupportModulesInManaged (4ms)
				SetLoadedEditorAssemblies (0ms)
				RefreshPlugins (2ms)
				BeforeProcessingInitializeOnLoad (91ms)
				ProcessInitializeOnLoadAttributes (379ms)
				ProcessInitializeOnLoadMethodAttributes (8ms)
				AfterProcessingInitializeOnLoad (2ms)
				EditorAssembliesLoaded (0ms)
			ExecutionOrderSort2 (0ms)
			AwakeInstancesAfterBackupRestoration (57ms)
Platform modules already initialized, skipping
Refreshing native plugins compatible for Editor in 2.48 ms, found 6 plugins.
Preloading 0 native plugins for Editor in 0.00 ms.
Unloading 4861 Unused Serialized files (Serialized files now loaded: 0)
System memory in use before: 195.7 MB.
System memory in use after: 196.2 MB.

Unloading 108 unused Assets to reduce memory usage. Loaded Objects now: 5605.
Total: 9.155700 ms (FindLiveObjects: 1.106100 ms CreateObjectMapping: 0.508900 ms MarkObjects: 7.489200 ms  DeleteObjects: 0.050400 ms)

AssetImportParameters requested are different than current active one (requested -> active):
  custom:framework-win-MediaFoundation: 216162199b28c13a410421893ffa2e32 -> 
  custom:video-decoder-ogg-theora: a1e56fd34408186e4bbccfd4996cb3dc -> 
  custom:container-muxer-webm: aa71ff27fc2769a1b78a27578f13a17b -> 
  custom:container-demuxer-webm: 4f35f7cbe854078d1ac9338744f61a02 -> 
  custom:container-demuxer-ogg: 62fdf1f143b41e24485cea50d1cbac27 -> 
  custom:video-encoder-webm-vp8: eb34c28f22e8b96e1ab97ce403110664 -> 
  custom:video-decoder-webm-vp8: 9c59270c3fd7afecdb556c50c9e8de78 -> 
  custom:audio-decoder-ogg-vorbis: bf7c407c2cedff20999df2af8eb42d56 -> 
  custom:audio-encoder-webm-vorbis: bf7c407c2cedff20999df2af8eb42d56 -> 
========================================================================
Received Import Request.
  Time since last request: 17.922007 seconds.
  path: Assets/Scenes/WebbyBoy_Type/LVL6_WB.unity
  artifactKey: Guid(312ede02848ade24e8f57f1dd857ce36) Importer(815301076,1909f56bfc062723c751e8b465ee728b)
Start importing Assets/Scenes/WebbyBoy_Type/LVL6_WB.unity using Guid(312ede02848ade24e8f57f1dd857ce36) Importer(815301076,1909f56bfc062723c751e8b465ee728b)  -> (artifact id: '99ff9122b2db0b314d6304001c32d695') in 0.065459 seconds 
  Import took 0.137608 seconds .

========================================================================
Received Import Request.
  Time since last request: 12.157664 seconds.
  path: Assets/Scenes/WebbyBoy_Type/LVL5_WB.unity
  artifactKey: Guid(b3898dfbc8f408240bdc1f7724ef103d) Importer(815301076,1909f56bfc062723c751e8b465ee728b)
Start importing Assets/Scenes/WebbyBoy_Type/LVL5_WB.unity using Guid(b3898dfbc8f408240bdc1f7724ef103d) Importer(815301076,1909f56bfc062723c751e8b465ee728b)  -> (artifact id: '7f53e2cb647588c27de219b4ec2df8cd') in 0.011992 seconds 
  Import took 0.060209 seconds .

========================================================================
Received Prepare
Registering precompiled user dll's ...
Registered in 0.009783 seconds.
Begin MonoManager ReloadAssembly
Symbol file LoadedFromMemory doesn't match image D:\GitHub\SupaDupaMan\Library\PackageCache\com.unity.visualscripting@1.6.1\Editor\VisualScripting.Core\Dependencies\DotNetZip\Unity.VisualScripting.IonicZip.dll
Symbol file LoadedFromMemory doesn't match image D:\GitHub\SupaDupaMan\Library\PackageCache\com.unity.visualscripting@1.6.1\Editor\VisualScripting.Core\Dependencies\YamlDotNet\Unity.VisualScripting.YamlDotNet.dll
Native extension for WindowsStandalone target not found
Refreshing native plugins compatible for Editor in 1.89 ms, found 6 plugins.
Preloading 0 native plugins for Editor in 0.00 ms.
Mono: successfully reloaded assembly
- Completed reload, in  1.324 seconds
Domain Reload Profiling:
	ReloadAssembly (1325ms)
		BeginReloadAssembly (115ms)
			ExecutionOrderSort (0ms)
			DisableScriptedObjects (5ms)
			BackupInstance (0ms)
			ReleaseScriptingObjects (0ms)
			CreateAndSetChildDomain (39ms)
		EndReloadAssembly (1156ms)
			LoadAssemblies (115ms)
			RebuildTransferFunctionScriptingTraits (0ms)
			SetupTypeCache (371ms)
			ReleaseScriptCaches (2ms)
			RebuildScriptCaches (49ms)
			SetupLoadedEditorAssemblies (432ms)
				LogAssemblyErrors (0ms)
				InitializePlatformSupportModulesInManaged (3ms)
				SetLoadedEditorAssemblies (1ms)
				RefreshPlugins (2ms)
				BeforeProcessingInitializeOnLoad (87ms)
				ProcessInitializeOnLoadAttributes (328ms)
				ProcessInitializeOnLoadMethodAttributes (8ms)
				AfterProcessingInitializeOnLoad (2ms)
				EditorAssembliesLoaded (0ms)
			ExecutionOrderSort2 (0ms)
			AwakeInstancesAfterBackupRestoration (56ms)
Platform modules already initialized, skipping
Refreshing native plugins compatible for Editor in 1.97 ms, found 6 plugins.
Preloading 0 native plugins for Editor in 0.00 ms.
Unloading 4861 Unused Serialized files (Serialized files now loaded: 0)
System memory in use before: 195.6 MB.
System memory in use after: 196.1 MB.

Unloading 108 unused Assets to reduce memory usage. Loaded Objects now: 5611.
Total: 4.564300 ms (FindLiveObjects: 0.525400 ms CreateObjectMapping: 0.236900 ms MarkObjects: 3.755600 ms  DeleteObjects: 0.045200 ms)

AssetImportParameters requested are different than current active one (requested -> active):
  custom:framework-win-MediaFoundation: 216162199b28c13a410421893ffa2e32 -> 
  custom:video-decoder-ogg-theora: a1e56fd34408186e4bbccfd4996cb3dc -> 
  custom:container-muxer-webm: aa71ff27fc2769a1b78a27578f13a17b -> 
  custom:container-demuxer-webm: 4f35f7cbe854078d1ac9338744f61a02 -> 
  custom:container-demuxer-ogg: 62fdf1f143b41e24485cea50d1cbac27 -> 
  custom:video-encoder-webm-vp8: eb34c28f22e8b96e1ab97ce403110664 -> 
  custom:video-decoder-webm-vp8: 9c59270c3fd7afecdb556c50c9e8de78 -> 
  custom:audio-decoder-ogg-vorbis: bf7c407c2cedff20999df2af8eb42d56 -> 
  custom:audio-encoder-webm-vorbis: bf7c407c2cedff20999df2af8eb42d56 -> 
========================================================================
Received Import Request.
  Time since last request: 112.234416 seconds.
  path: Assets/Prefabs/Characters/Enemy/BigEmemyPrefab.prefab
  artifactKey: Guid(1bf2ef20b12a3034a811dbb83904fa61) Importer(815301076,1909f56bfc062723c751e8b465ee728b)
Start importing Assets/Prefabs/Characters/Enemy/BigEmemyPrefab.prefab using Guid(1bf2ef20b12a3034a811dbb83904fa61) Importer(815301076,1909f56bfc062723c751e8b465ee728b)  -> (artifact id: 'b05d7ee22ebbefd6b9cc07d19d37fa6a') in 1.754414 seconds 
  Import took 1.794889 seconds .

========================================================================
Received Import Request.
  Time since last request: 0.000275 seconds.
  path: Assets/AssetStorePacks/Epic Toon FX/Prefabs/Environment/Fire/Soft/SoftFireBig/SoftFireBigBlue.prefab
  artifactKey: Guid(129514dafc9d9694abed61b5beaae1c5) Importer(815301076,1909f56bfc062723c751e8b465ee728b)
Start importing Assets/AssetStorePacks/Epic Toon FX/Prefabs/Environment/Fire/Soft/SoftFireBig/SoftFireBigBlue.prefab using Guid(129514dafc9d9694abed61b5beaae1c5) Importer(815301076,1909f56bfc062723c751e8b465ee728b)  -> (artifact id: '7aaed3fbd1427dc91cd711023dbf8aac') in 0.103961 seconds 
  Import took 0.148535 seconds .

========================================================================
Received Import Request.
  Time since last request: 0.000292 seconds.
  path: Assets/AssetStorePacks/Epic Toon FX/Sound/etfx_shoot_energybig.wav
  artifactKey: Guid(5bfd5fc9fc219b349a8f12c6e6a4f5fa) Importer(815301076,1909f56bfc062723c751e8b465ee728b)
Start importing Assets/AssetStorePacks/Epic Toon FX/Sound/etfx_shoot_energybig.wav using Guid(5bfd5fc9fc219b349a8f12c6e6a4f5fa) Importer(815301076,1909f56bfc062723c751e8b465ee728b)  -> (artifact id: 'de0ecc852f03ec01d7c9ad462f8db8b7') in 0.141878 seconds 
  Import took 0.198161 seconds .

========================================================================
Received Import Request.
  Time since last request: 0.000233 seconds.
  path: Assets/AssetStorePacks/Epic Toon FX/Prefabs/Environment/Fire/Soft/SoftFireBig/SoftFireBigRed.prefab
  artifactKey: Guid(395a551931a0b5c479c9a0eb8883174e) Importer(815301076,1909f56bfc062723c751e8b465ee728b)
Start importing Assets/AssetStorePacks/Epic Toon FX/Prefabs/Environment/Fire/Soft/SoftFireBig/SoftFireBigRed.prefab using Guid(395a551931a0b5c479c9a0eb8883174e) Importer(815301076,1909f56bfc062723c751e8b465ee728b)  -> (artifact id: '088297a08ba5ba1ecfbcb6628c8be166') in 0.020359 seconds 
  Import took 0.061744 seconds .

========================================================================
Received Import Request.
  Time since last request: 0.000229 seconds.
  path: Assets/AssetStorePacks/Epic Toon FX/Prefabs/Environment/Fire/Soft/SoftFireBig/SoftFireBigGreen.prefab
  artifactKey: Guid(92fdd091f9dfd1c40bb2cbb104d85291) Importer(815301076,1909f56bfc062723c751e8b465ee728b)
Start importing Assets/AssetStorePacks/Epic Toon FX/Prefabs/Environment/Fire/Soft/SoftFireBig/SoftFireBigGreen.prefab using Guid(92fdd091f9dfd1c40bb2cbb104d85291) Importer(815301076,1909f56bfc062723c751e8b465ee728b)  -> (artifact id: 'd5130d24c75014acea0c1954596cb082') in 0.027669 seconds 
  Import took 0.076256 seconds .

========================================================================
Received Import Request.
  Time since last request: 0.000183 seconds.
  path: Assets/AssetStorePacks/Epic Toon FX/Prefabs/Environment/Fire/Soft/SoftFireBig/SoftFireBigPurple.prefab
  artifactKey: Guid(dfdfdeb6340105a4a979f024a117a6f4) Importer(815301076,1909f56bfc062723c751e8b465ee728b)
Start importing Assets/AssetStorePacks/Epic Toon FX/Prefabs/Environment/Fire/Soft/SoftFireBig/SoftFireBigPurple.prefab using Guid(dfdfdeb6340105a4a979f024a117a6f4) Importer(815301076,1909f56bfc062723c751e8b465ee728b)  -> (artifact id: 'ca93d5cc6b18500e879c98b57b87f821') in 0.021156 seconds 
  Import took 0.071621 seconds .

========================================================================
Received Import Request.
  Time since last request: 0.000215 seconds.
  path: Assets/AssetStorePacks/Epic Toon FX/Prefabs/Environment/Water/Flowing/Soft/WaterfallBigSoft.prefab
  artifactKey: Guid(b4d3a97bed138894e8d3f1b23aaae66d) Importer(815301076,1909f56bfc062723c751e8b465ee728b)
Start importing Assets/AssetStorePacks/Epic Toon FX/Prefabs/Environment/Water/Flowing/Soft/WaterfallBigSoft.prefab using Guid(b4d3a97bed138894e8d3f1b23aaae66d) Importer(815301076,1909f56bfc062723c751e8b465ee728b)  -> (artifact id: 'feb0a69f04473266f7ea7f071a708579') in 0.118551 seconds 
  Import took 0.170844 seconds .

========================================================================
Received Import Request.
  Time since last request: 0.000224 seconds.
  path: Assets/AssetStorePacks/Epic Toon FX/Prefabs/Environment/Fire/Soft/SoftFireBig/SoftFireBigYellow.prefab
  artifactKey: Guid(e0902f682a861c84b874a0581a6a7593) Importer(815301076,1909f56bfc062723c751e8b465ee728b)
Start importing Assets/AssetStorePacks/Epic Toon FX/Prefabs/Environment/Fire/Soft/SoftFireBig/SoftFireBigYellow.prefab using Guid(e0902f682a861c84b874a0581a6a7593) Importer(815301076,1909f56bfc062723c751e8b465ee728b)  -> (artifact id: 'e5cd9a958ff4f134a4a12eae09de79e3') in 0.021167 seconds 
  Import took 0.052632 seconds .

========================================================================
Received Import Request.
  Time since last request: 0.000244 seconds.
  path: Assets/AssetStorePacks/Epic Toon FX/Prefabs/Environment/Water/Flowing/Sharp/WaterfallBigSharp.prefab
  artifactKey: Guid(559b36e032a8acb44a5ffe0ededc6df9) Importer(815301076,1909f56bfc062723c751e8b465ee728b)
Start importing Assets/AssetStorePacks/Epic Toon FX/Prefabs/Environment/Water/Flowing/Sharp/WaterfallBigSharp.prefab using Guid(559b36e032a8acb44a5ffe0ededc6df9) Importer(815301076,1909f56bfc062723c751e8b465ee728b)  -> (artifact id: '77b2674a4d8a8a4db3abbf1d53bfbd04') in 0.098771 seconds 
  Import took 0.160134 seconds .

========================================================================
Received Import Request.
  Time since last request: 0.000235 seconds.
  path: Assets/AssetStorePacks/Epic Toon FX/Materials/Misc/Emojis/Part 1/em_bigsmile.mat
  artifactKey: Guid(5691aad654871084bb7f84be6dc98391) Importer(815301076,1909f56bfc062723c751e8b465ee728b)
Start importing Assets/AssetStorePacks/Epic Toon FX/Materials/Misc/Emojis/Part 1/em_bigsmile.mat using Guid(5691aad654871084bb7f84be6dc98391) Importer(815301076,1909f56bfc062723c751e8b465ee728b)  -> (artifact id: '74dc6f737b6927892fcde336715ffdd8') in 0.133733 seconds 
  Import took 0.178653 seconds .

========================================================================
Received Import Request.
  Time since last request: 0.000263 seconds.
  path: Assets/AssetStorePacks/Epic Toon FX/Prefabs/Combat/Explosions/- Misc/MetalExplosionBig.prefab
  artifactKey: Guid(d42852d7985301b42a647ff270d3d088) Importer(815301076,1909f56bfc062723c751e8b465ee728b)
Start importing Assets/AssetStorePacks/Epic Toon FX/Prefabs/Combat/Explosions/- Misc/MetalExplosionBig.prefab using Guid(d42852d7985301b42a647ff270d3d088) Importer(815301076,1909f56bfc062723c751e8b465ee728b)  -> (artifact id: '893c2b0fca3e1861d7fd8a568b63c4b9') in 0.152877 seconds 
  Import took 0.184664 seconds .

========================================================================
Received Import Request.
  Time since last request: 0.000341 seconds.
  path: Assets/AssetStorePacks/Epic Toon FX/Prefabs/Interactive/Stars/BigStarFilled.prefab
  artifactKey: Guid(7d4e99a3eb9e47c4390895c8bec7bae6) Importer(815301076,1909f56bfc062723c751e8b465ee728b)
Start importing Assets/AssetStorePacks/Epic Toon FX/Prefabs/Interactive/Stars/BigStarFilled.prefab using Guid(7d4e99a3eb9e47c4390895c8bec7bae6) Importer(815301076,1909f56bfc062723c751e8b465ee728b)  -> (artifact id: 'f22d2ff9ac7b12341718c18e69237519') in 0.129598 seconds 
  Import took 0.139315 seconds .

========================================================================
Received Import Request.
  Time since last request: 0.000275 seconds.
  path: Assets/AssetStorePacks/Epic Toon FX/Prefabs/Environment/Underwater/BubbleBlastBigUnderwater.prefab
  artifactKey: Guid(cb9bf8f7ab7299344a48e3eb96d6a266) Importer(815301076,1909f56bfc062723c751e8b465ee728b)
Start importing Assets/AssetStorePacks/Epic Toon FX/Prefabs/Environment/Underwater/BubbleBlastBigUnderwater.prefab using Guid(cb9bf8f7ab7299344a48e3eb96d6a266) Importer(815301076,1909f56bfc062723c751e8b465ee728b)  -> (artifact id: '3744efa8ff3a87cf83968a7607534d55') in 0.102190 seconds 
  Import took 0.137634 seconds .

========================================================================
Received Import Request.
  Time since last request: 0.000488 seconds.
  path: Assets/AssetStorePacks/Epic Toon FX/Prefabs/Interactive/Healing/HealBig.prefab
  artifactKey: Guid(0e4a7fa9fd28f154b91c98ee6fe8ebea) Importer(815301076,1909f56bfc062723c751e8b465ee728b)
Start importing Assets/AssetStorePacks/Epic Toon FX/Prefabs/Interactive/Healing/HealBig.prefab using Guid(0e4a7fa9fd28f154b91c98ee6fe8ebea) Importer(815301076,1909f56bfc062723c751e8b465ee728b)  -> (artifact id: '2ce6701334452dd1e25d2d37adb82e30') in 0.090248 seconds 
  Import took 0.162011 seconds .

========================================================================
Received Prepare
Registering precompiled user dll's ...
Registered in 0.009931 seconds.
Begin MonoManager ReloadAssembly
Symbol file LoadedFromMemory doesn't match image D:\GitHub\SupaDupaMan\Library\PackageCache\com.unity.visualscripting@1.6.1\Editor\VisualScripting.Core\Dependencies\DotNetZip\Unity.VisualScripting.IonicZip.dll
Symbol file LoadedFromMemory doesn't match image D:\GitHub\SupaDupaMan\Library\PackageCache\com.unity.visualscripting@1.6.1\Editor\VisualScripting.Core\Dependencies\YamlDotNet\Unity.VisualScripting.YamlDotNet.dll
Native extension for WindowsStandalone target not found
Refreshing native plugins compatible for Editor in 3.91 ms, found 6 plugins.
Preloading 0 native plugins for Editor in 0.00 ms.
Mono: successfully reloaded assembly
- Completed reload, in  1.393 seconds
Domain Reload Profiling:
	ReloadAssembly (1394ms)
		BeginReloadAssembly (141ms)
			ExecutionOrderSort (0ms)
			DisableScriptedObjects (6ms)
			BackupInstance (0ms)
			ReleaseScriptingObjects (0ms)
			CreateAndSetChildDomain (58ms)
		EndReloadAssembly (1202ms)
			LoadAssemblies (104ms)
			RebuildTransferFunctionScriptingTraits (0ms)
			SetupTypeCache (373ms)
			ReleaseScriptCaches (2ms)
			RebuildScriptCaches (47ms)
			SetupLoadedEditorAssemblies (461ms)
				LogAssemblyErrors (0ms)
				InitializePlatformSupportModulesInManaged (5ms)
				SetLoadedEditorAssemblies (0ms)
				RefreshPlugins (4ms)
				BeforeProcessingInitializeOnLoad (109ms)
				ProcessInitializeOnLoadAttributes (332ms)
				ProcessInitializeOnLoadMethodAttributes (8ms)
				AfterProcessingInitializeOnLoad (2ms)
				EditorAssembliesLoaded (0ms)
			ExecutionOrderSort2 (0ms)
			AwakeInstancesAfterBackupRestoration (73ms)
Platform modules already initialized, skipping
Refreshing native plugins compatible for Editor in 1.93 ms, found 6 plugins.
Preloading 0 native plugins for Editor in 0.00 ms.
Unloading 4861 Unused Serialized files (Serialized files now loaded: 0)
System memory in use before: 209.8 MB.
System memory in use after: 210.2 MB.

Unloading 108 unused Assets to reduce memory usage. Loaded Objects now: 5660.
Total: 4.597400 ms (FindLiveObjects: 0.508400 ms CreateObjectMapping: 0.304600 ms MarkObjects: 3.736600 ms  DeleteObjects: 0.046500 ms)

AssetImportParameters requested are different than current active one (requested -> active):
  custom:framework-win-MediaFoundation: 216162199b28c13a410421893ffa2e32 -> 
  custom:video-decoder-ogg-theora: a1e56fd34408186e4bbccfd4996cb3dc -> 
  custom:container-muxer-webm: aa71ff27fc2769a1b78a27578f13a17b -> 
  custom:container-demuxer-webm: 4f35f7cbe854078d1ac9338744f61a02 -> 
  custom:container-demuxer-ogg: 62fdf1f143b41e24485cea50d1cbac27 -> 
  custom:video-encoder-webm-vp8: eb34c28f22e8b96e1ab97ce403110664 -> 
  custom:video-decoder-webm-vp8: 9c59270c3fd7afecdb556c50c9e8de78 -> 
  custom:audio-decoder-ogg-vorbis: bf7c407c2cedff20999df2af8eb42d56 -> 
  custom:audio-encoder-webm-vorbis: bf7c407c2cedff20999df2af8eb42d56 -> 
========================================================================
Received Prepare
Registering precompiled user dll's ...
Registered in 0.009537 seconds.
Begin MonoManager ReloadAssembly
Symbol file LoadedFromMemory doesn't match image D:\GitHub\SupaDupaMan\Library\PackageCache\com.unity.visualscripting@1.6.1\Editor\VisualScripting.Core\Dependencies\DotNetZip\Unity.VisualScripting.IonicZip.dll
Symbol file LoadedFromMemory doesn't match image D:\GitHub\SupaDupaMan\Library\PackageCache\com.unity.visualscripting@1.6.1\Editor\VisualScripting.Core\Dependencies\YamlDotNet\Unity.VisualScripting.YamlDotNet.dll
Native extension for WindowsStandalone target not found
Refreshing native plugins compatible for Editor in 1.82 ms, found 6 plugins.
Preloading 0 native plugins for Editor in 0.00 ms.
Mono: successfully reloaded assembly
- Completed reload, in  1.450 seconds
Domain Reload Profiling:
	ReloadAssembly (1451ms)
		BeginReloadAssembly (109ms)
			ExecutionOrderSort (0ms)
			DisableScriptedObjects (4ms)
			BackupInstance (0ms)
			ReleaseScriptingObjects (0ms)
			CreateAndSetChildDomain (34ms)
		EndReloadAssembly (1282ms)
			LoadAssemblies (138ms)
			RebuildTransferFunctionScriptingTraits (0ms)
			SetupTypeCache (483ms)
			ReleaseScriptCaches (2ms)
			RebuildScriptCaches (48ms)
			SetupLoadedEditorAssemblies (431ms)
				LogAssemblyErrors (0ms)
				InitializePlatformSupportModulesInManaged (3ms)
				SetLoadedEditorAssemblies (0ms)
				RefreshPlugins (2ms)
				BeforeProcessingInitializeOnLoad (90ms)
				ProcessInitializeOnLoadAttributes (325ms)
				ProcessInitializeOnLoadMethodAttributes (7ms)
				AfterProcessingInitializeOnLoad (2ms)
				EditorAssembliesLoaded (0ms)
			ExecutionOrderSort2 (0ms)
			AwakeInstancesAfterBackupRestoration (54ms)
Platform modules already initialized, skipping
Refreshing native plugins compatible for Editor in 3.77 ms, found 6 plugins.
Preloading 0 native plugins for Editor in 0.00 ms.
Unloading 4861 Unused Serialized files (Serialized files now loaded: 0)
System memory in use before: 209.8 MB.
System memory in use after: 210.3 MB.

Unloading 108 unused Assets to reduce memory usage. Loaded Objects now: 5666.
Total: 6.733200 ms (FindLiveObjects: 0.697000 ms CreateObjectMapping: 0.569000 ms MarkObjects: 5.398900 ms  DeleteObjects: 0.065800 ms)

AssetImportParameters requested are different than current active one (requested -> active):
  custom:framework-win-MediaFoundation: 216162199b28c13a410421893ffa2e32 -> 
  custom:video-decoder-ogg-theora: a1e56fd34408186e4bbccfd4996cb3dc -> 
  custom:container-muxer-webm: aa71ff27fc2769a1b78a27578f13a17b -> 
  custom:container-demuxer-webm: 4f35f7cbe854078d1ac9338744f61a02 -> 
  custom:container-demuxer-ogg: 62fdf1f143b41e24485cea50d1cbac27 -> 
  custom:video-encoder-webm-vp8: eb34c28f22e8b96e1ab97ce403110664 -> 
  custom:video-decoder-webm-vp8: 9c59270c3fd7afecdb556c50c9e8de78 -> 
  custom:audio-decoder-ogg-vorbis: bf7c407c2cedff20999df2af8eb42d56 -> 
  custom:audio-encoder-webm-vorbis: bf7c407c2cedff20999df2af8eb42d56 -> 
========================================================================
Received Prepare
Registering precompiled user dll's ...
Registered in 0.013837 seconds.
Begin MonoManager ReloadAssembly
Symbol file LoadedFromMemory doesn't match image D:\GitHub\SupaDupaMan\Library\PackageCache\com.unity.visualscripting@1.6.1\Editor\VisualScripting.Core\Dependencies\DotNetZip\Unity.VisualScripting.IonicZip.dll
Symbol file LoadedFromMemory doesn't match image D:\GitHub\SupaDupaMan\Library\PackageCache\com.unity.visualscripting@1.6.1\Editor\VisualScripting.Core\Dependencies\YamlDotNet\Unity.VisualScripting.YamlDotNet.dll
Native extension for WindowsStandalone target not found
Refreshing native plugins compatible for Editor in 1.93 ms, found 6 plugins.
Preloading 0 native plugins for Editor in 0.00 ms.
Mono: successfully reloaded assembly
- Completed reload, in  1.477 seconds
Domain Reload Profiling:
	ReloadAssembly (1477ms)
		BeginReloadAssembly (165ms)
			ExecutionOrderSort (0ms)
			DisableScriptedObjects (6ms)
			BackupInstance (0ms)
			ReleaseScriptingObjects (0ms)
			CreateAndSetChildDomain (63ms)
		EndReloadAssembly (1227ms)
			LoadAssemblies (122ms)
			RebuildTransferFunctionScriptingTraits (0ms)
			SetupTypeCache (421ms)
			ReleaseScriptCaches (2ms)
			RebuildScriptCaches (53ms)
			SetupLoadedEditorAssemblies (451ms)
				LogAssemblyErrors (0ms)
				InitializePlatformSupportModulesInManaged (4ms)
				SetLoadedEditorAssemblies (0ms)
				RefreshPlugins (2ms)
				BeforeProcessingInitializeOnLoad (90ms)
				ProcessInitializeOnLoadAttributes (345ms)
				ProcessInitializeOnLoadMethodAttributes (7ms)
				AfterProcessingInitializeOnLoad (2ms)
				EditorAssembliesLoaded (0ms)
			ExecutionOrderSort2 (0ms)
			AwakeInstancesAfterBackupRestoration (58ms)
Platform modules already initialized, skipping
Refreshing native plugins compatible for Editor in 2.85 ms, found 6 plugins.
Preloading 0 native plugins for Editor in 0.00 ms.
Unloading 4861 Unused Serialized files (Serialized files now loaded: 0)
System memory in use before: 209.9 MB.
System memory in use after: 210.3 MB.

Unloading 108 unused Assets to reduce memory usage. Loaded Objects now: 5672.
Total: 4.958900 ms (FindLiveObjects: 0.650900 ms CreateObjectMapping: 0.295500 ms MarkObjects: 3.962000 ms  DeleteObjects: 0.048900 ms)

AssetImportParameters requested are different than current active one (requested -> active):
  custom:framework-win-MediaFoundation: 216162199b28c13a410421893ffa2e32 -> 
  custom:video-decoder-ogg-theora: a1e56fd34408186e4bbccfd4996cb3dc -> 
  custom:container-muxer-webm: aa71ff27fc2769a1b78a27578f13a17b -> 
  custom:container-demuxer-webm: 4f35f7cbe854078d1ac9338744f61a02 -> 
  custom:container-demuxer-ogg: 62fdf1f143b41e24485cea50d1cbac27 -> 
  custom:video-encoder-webm-vp8: eb34c28f22e8b96e1ab97ce403110664 -> 
  custom:video-decoder-webm-vp8: 9c59270c3fd7afecdb556c50c9e8de78 -> 
  custom:audio-decoder-ogg-vorbis: bf7c407c2cedff20999df2af8eb42d56 -> 
  custom:audio-encoder-webm-vorbis: bf7c407c2cedff20999df2af8eb42d56 -> 
========================================================================
Received Import Request.
  Time since last request: 141.455037 seconds.
  path: Assets/Scenes/WebbyBoy_Type/LVL8_WB.unity
  artifactKey: Guid(fadaacc961576d64bb66141a20892c0c) Importer(815301076,1909f56bfc062723c751e8b465ee728b)
Start importing Assets/Scenes/WebbyBoy_Type/LVL8_WB.unity using Guid(fadaacc961576d64bb66141a20892c0c) Importer(815301076,1909f56bfc062723c751e8b465ee728b)  -> (artifact id: 'ca4a20c08409fa69aba2568ee296ffc1') in 0.040351 seconds 
  Import took 0.101441 seconds .

========================================================================
Received Import Request.
  Time since last request: 8.317433 seconds.
  path: Assets/Scenes/WebbyBoy_Type/LVL4_WB.unity
  artifactKey: Guid(81b3d20100c0a5f44be5ab33fe68265f) Importer(815301076,1909f56bfc062723c751e8b465ee728b)
Start importing Assets/Scenes/WebbyBoy_Type/LVL4_WB.unity using Guid(81b3d20100c0a5f44be5ab33fe68265f) Importer(815301076,1909f56bfc062723c751e8b465ee728b)  -> (artifact id: '313f9e567dc222ffe15673d3d63d5774') in 0.008149 seconds 
  Import took 0.070448 seconds .

========================================================================
Received Import Request.
  Time since last request: 7.105910 seconds.
  path: Assets/Scenes/WebbyBoy_Type/LVL10_WB.unity
  artifactKey: Guid(944da32f309394b4e948bb8385c2831d) Importer(815301076,1909f56bfc062723c751e8b465ee728b)
Start importing Assets/Scenes/WebbyBoy_Type/LVL10_WB.unity using Guid(944da32f309394b4e948bb8385c2831d) Importer(815301076,1909f56bfc062723c751e8b465ee728b)  -> (artifact id: 'e85a09b33755a49187fa7f879789f946') in 0.009293 seconds 
  Import took 0.055792 seconds .

AssetImportWorkerClient::OnTransportError - code=2 error=End of file
